{"/home/nik/project_booza_shop/BOOZA_SHOP/rms_front/src/api/client.ts": {"path":"/home/nik/project_booza_shop/BOOZA_SHOP/rms_front/src/api/client.ts","statementMap":{"0":{"start":{"line":4,"column":18},"end":{"line":10,"column":null}}},"fnMap":{},"branchMap":{},"s":{"0":2},"f":{},"b":{},"meta":{"lastBranch":0,"lastFunction":0,"lastStatement":1,"seen":{"s:4:18:10:Infinity":0}}}
,"/home/nik/project_booza_shop/BOOZA_SHOP/rms_front/src/api/menu/schema.ts": {"path":"/home/nik/project_booza_shop/BOOZA_SHOP/rms_front/src/api/menu/schema.ts","statementMap":{},"fnMap":{},"branchMap":{},"s":{},"f":{},"b":{},"meta":{"lastBranch":0,"lastFunction":0,"lastStatement":0,"seen":{}}}
,"/home/nik/project_booza_shop/BOOZA_SHOP/rms_front/src/api/order/order.ts": {"path":"/home/nik/project_booza_shop/BOOZA_SHOP/rms_front/src/api/order/order.ts","statementMap":{"0":{"start":{"line":4,"column":24},"end":{"line":50,"column":null}},"1":{"start":{"line":6,"column":25},"end":{"line":6,"column":null}},"2":{"start":{"line":7,"column":8},"end":{"line":7,"column":null}},"3":{"start":{"line":11,"column":47},"end":{"line":11,"column":null}},"4":{"start":{"line":12,"column":8},"end":{"line":14,"column":null}},"5":{"start":{"line":13,"column":12},"end":{"line":13,"column":null}},"6":{"start":{"line":15,"column":25},"end":{"line":15,"column":null}},"7":{"start":{"line":16,"column":8},"end":{"line":16,"column":null}},"8":{"start":{"line":20,"column":25},"end":{"line":20,"column":null}},"9":{"start":{"line":21,"column":8},"end":{"line":21,"column":null}},"10":{"start":{"line":25,"column":47},"end":{"line":25,"column":null}},"11":{"start":{"line":26,"column":8},"end":{"line":28,"column":null}},"12":{"start":{"line":27,"column":12},"end":{"line":27,"column":null}},"13":{"start":{"line":29,"column":25},"end":{"line":29,"column":null}},"14":{"start":{"line":30,"column":8},"end":{"line":30,"column":null}},"15":{"start":{"line":34,"column":25},"end":{"line":37,"column":null}},"16":{"start":{"line":38,"column":8},"end":{"line":38,"column":null}},"17":{"start":{"line":42,"column":25},"end":{"line":42,"column":null}},"18":{"start":{"line":43,"column":8},"end":{"line":43,"column":null}},"19":{"start":{"line":47,"column":25},"end":{"line":47,"column":null}},"20":{"start":{"line":48,"column":8},"end":{"line":48,"column":null}}},"fnMap":{"0":{"name":"(anonymous_0)","decl":{"start":{"line":5,"column":17},"end":{"line":5,"column":24}},"loc":{"start":{"line":5,"column":75},"end":{"line":8,"column":null}},"line":5},"1":{"name":"(anonymous_1)","decl":{"start":{"line":10,"column":17},"end":{"line":10,"column":24}},"loc":{"start":{"line":10,"column":81},"end":{"line":17,"column":null}},"line":10},"2":{"name":"(anonymous_2)","decl":{"start":{"line":19,"column":14},"end":{"line":19,"column":21}},"loc":{"start":{"line":19,"column":65},"end":{"line":22,"column":null}},"line":19},"3":{"name":"(anonymous_3)","decl":{"start":{"line":24,"column":18},"end":{"line":24,"column":25}},"loc":{"start":{"line":24,"column":82},"end":{"line":31,"column":null}},"line":24},"4":{"name":"(anonymous_4)","decl":{"start":{"line":33,"column":23},"end":{"line":33,"column":30}},"loc":{"start":{"line":33,"column":90},"end":{"line":39,"column":null}},"line":33},"5":{"name":"(anonymous_5)","decl":{"start":{"line":41,"column":17},"end":{"line":41,"column":24}},"loc":{"start":{"line":41,"column":68},"end":{"line":44,"column":null}},"line":41},"6":{"name":"(anonymous_6)","decl":{"start":{"line":46,"column":19},"end":{"line":46,"column":26}},"loc":{"start":{"line":46,"column":70},"end":{"line":49,"column":null}},"line":46}},"branchMap":{"0":{"loc":{"start":{"line":12,"column":8},"end":{"line":14,"column":null}},"type":"if","locations":[{"start":{"line":12,"column":8},"end":{"line":14,"column":null}},{"start":{},"end":{}}],"line":12},"1":{"loc":{"start":{"line":12,"column":12},"end":{"line":12,"column":52}},"type":"binary-expr","locations":[{"start":{"line":12,"column":12},"end":{"line":12,"column":28}},{"start":{"line":12,"column":28},"end":{"line":12,"column":52}}],"line":12},"2":{"loc":{"start":{"line":26,"column":8},"end":{"line":28,"column":null}},"type":"if","locations":[{"start":{"line":26,"column":8},"end":{"line":28,"column":null}},{"start":{},"end":{}}],"line":26},"3":{"loc":{"start":{"line":26,"column":12},"end":{"line":26,"column":52}},"type":"binary-expr","locations":[{"start":{"line":26,"column":12},"end":{"line":26,"column":28}},{"start":{"line":26,"column":28},"end":{"line":26,"column":52}}],"line":26}},"s":{"0":2,"1":0,"2":0,"3":0,"4":0,"5":0,"6":0,"7":0,"8":0,"9":0,"10":0,"11":0,"12":0,"13":0,"14":0,"15":0,"16":0,"17":0,"18":0,"19":0,"20":0},"f":{"0":0,"1":0,"2":0,"3":0,"4":0,"5":0,"6":0},"b":{"0":[0,0],"1":[0,0],"2":[0,0],"3":[0,0]},"meta":{"lastBranch":4,"lastFunction":7,"lastStatement":21,"seen":{"s:4:24:50:Infinity":0,"f:5:17:5:24":0,"s:6:25:6:Infinity":1,"s:7:8:7:Infinity":2,"f:10:17:10:24":1,"s:11:47:11:Infinity":3,"b:12:8:14:Infinity:undefined:undefined:undefined:undefined":0,"s:12:8:14:Infinity":4,"b:12:12:12:28:12:28:12:52":1,"s:13:12:13:Infinity":5,"s:15:25:15:Infinity":6,"s:16:8:16:Infinity":7,"f:19:14:19:21":2,"s:20:25:20:Infinity":8,"s:21:8:21:Infinity":9,"f:24:18:24:25":3,"s:25:47:25:Infinity":10,"b:26:8:28:Infinity:undefined:undefined:undefined:undefined":2,"s:26:8:28:Infinity":11,"b:26:12:26:28:26:28:26:52":3,"s:27:12:27:Infinity":12,"s:29:25:29:Infinity":13,"s:30:8:30:Infinity":14,"f:33:23:33:30":4,"s:34:25:37:Infinity":15,"s:38:8:38:Infinity":16,"f:41:17:41:24":5,"s:42:25:42:Infinity":17,"s:43:8:43:Infinity":18,"f:46:19:46:26":6,"s:47:25:47:Infinity":19,"s:48:8:48:Infinity":20}}}
,"/home/nik/project_booza_shop/BOOZA_SHOP/rms_front/src/api/order/schema.ts": {"path":"/home/nik/project_booza_shop/BOOZA_SHOP/rms_front/src/api/order/schema.ts","statementMap":{},"fnMap":{},"branchMap":{},"s":{},"f":{},"b":{},"meta":{"lastBranch":0,"lastFunction":0,"lastStatement":0,"seen":{}}}
,"/home/nik/project_booza_shop/BOOZA_SHOP/rms_front/src/components/administration/AddProductModal.tsx": {"path":"/home/nik/project_booza_shop/BOOZA_SHOP/rms_front/src/components/administration/AddProductModal.tsx","statementMap":{"0":{"start":{"line":12,"column":32},"end":{"line":19,"column":null}},"1":{"start":{"line":20,"column":34},"end":{"line":20,"column":null}},"2":{"start":{"line":21,"column":40},"end":{"line":21,"column":null}},"3":{"start":{"line":22,"column":36},"end":{"line":22,"column":null}},"4":{"start":{"line":23,"column":30},"end":{"line":23,"column":null}},"5":{"start":{"line":24,"column":26},"end":{"line":24,"column":null}},"6":{"start":{"line":25,"column":10},"end":{"line":25,"column":null}},"7":{"start":{"line":27,"column":27},"end":{"line":34,"column":null}},"8":{"start":{"line":28,"column":8},"end":{"line":33,"column":null}},"9":{"start":{"line":29,"column":25},"end":{"line":29,"column":null}},"10":{"start":{"line":30,"column":12},"end":{"line":30,"column":null}},"11":{"start":{"line":32,"column":12},"end":{"line":32,"column":null}},"12":{"start":{"line":36,"column":4},"end":{"line":40,"column":null}},"13":{"start":{"line":37,"column":8},"end":{"line":39,"column":null}},"14":{"start":{"line":38,"column":12},"end":{"line":38,"column":null}},"15":{"start":{"line":42,"column":25},"end":{"line":50,"column":null}},"16":{"start":{"line":45,"column":38},"end":{"line":45,"column":null}},"17":{"start":{"line":46,"column":8},"end":{"line":49,"column":null}},"18":{"start":{"line":46,"column":31},"end":{"line":49,"column":10}},"19":{"start":{"line":52,"column":30},"end":{"line":76,"column":null}},"20":{"start":{"line":53,"column":21},"end":{"line":53,"column":null}},"21":{"start":{"line":54,"column":8},"end":{"line":75,"column":null}},"22":{"start":{"line":56,"column":33},"end":{"line":56,"column":null}},"23":{"start":{"line":57,"column":12},"end":{"line":60,"column":null}},"24":{"start":{"line":58,"column":16},"end":{"line":58,"column":null}},"25":{"start":{"line":59,"column":16},"end":{"line":59,"column":null}},"26":{"start":{"line":62,"column":12},"end":{"line":65,"column":null}},"27":{"start":{"line":63,"column":16},"end":{"line":63,"column":null}},"28":{"start":{"line":64,"column":16},"end":{"line":64,"column":null}},"29":{"start":{"line":66,"column":12},"end":{"line":66,"column":null}},"30":{"start":{"line":67,"column":12},"end":{"line":67,"column":null}},"31":{"start":{"line":70,"column":27},"end":{"line":70,"column":null}},"32":{"start":{"line":71,"column":12},"end":{"line":73,"column":null}},"33":{"start":{"line":72,"column":16},"end":{"line":72,"column":null}},"34":{"start":{"line":74,"column":12},"end":{"line":74,"column":null}},"35":{"start":{"line":78,"column":30},"end":{"line":84,"column":null}},"36":{"start":{"line":79,"column":8},"end":{"line":79,"column":null}},"37":{"start":{"line":80,"column":8},"end":{"line":80,"column":null}},"38":{"start":{"line":81,"column":8},"end":{"line":83,"column":null}},"39":{"start":{"line":82,"column":12},"end":{"line":82,"column":null}},"40":{"start":{"line":86,"column":25},"end":{"line":130,"column":null}},"41":{"start":{"line":87,"column":8},"end":{"line":87,"column":null}},"42":{"start":{"line":88,"column":8},"end":{"line":88,"column":null}},"43":{"start":{"line":89,"column":8},"end":{"line":89,"column":null}},"44":{"start":{"line":91,"column":28},"end":{"line":91,"column":null}},"45":{"start":{"line":92,"column":8},"end":{"line":92,"column":null}},"46":{"start":{"line":93,"column":8},"end":{"line":93,"column":null}},"47":{"start":{"line":94,"column":8},"end":{"line":94,"column":null}},"48":{"start":{"line":95,"column":8},"end":{"line":97,"column":null}},"49":{"start":{"line":96,"column":12},"end":{"line":96,"column":null}},"50":{"start":{"line":98,"column":8},"end":{"line":98,"column":null}},"51":{"start":{"line":99,"column":8},"end":{"line":99,"column":null}},"52":{"start":{"line":100,"column":8},"end":{"line":102,"column":null}},"53":{"start":{"line":101,"column":12},"end":{"line":101,"column":null}},"54":{"start":{"line":104,"column":8},"end":{"line":129,"column":null}},"55":{"start":{"line":105,"column":12},"end":{"line":109,"column":null}},"56":{"start":{"line":110,"column":12},"end":{"line":110,"column":null}},"57":{"start":{"line":111,"column":12},"end":{"line":111,"column":null}},"58":{"start":{"line":112,"column":12},"end":{"line":119,"column":null}},"59":{"start":{"line":120,"column":12},"end":{"line":120,"column":null}},"60":{"start":{"line":121,"column":12},"end":{"line":121,"column":null}},"61":{"start":{"line":122,"column":12},"end":{"line":124,"column":null}},"62":{"start":{"line":123,"column":16},"end":{"line":123,"column":null}},"63":{"start":{"line":126,"column":12},"end":{"line":126,"column":null}},"64":{"start":{"line":128,"column":12},"end":{"line":128,"column":null}},"65":{"start":{"line":132,"column":4},"end":{"line":132,"column":null}},"66":{"start":{"line":132,"column":17},"end":{"line":132,"column":null}},"67":{"start":{"line":134,"column":4},"end":{"line":339,"column":null}},"68":{"start":{"line":210,"column":40},"end":{"line":212,"column":null}}},"fnMap":{"0":{"name":"AddProductModal","decl":{"start":{"line":11,"column":9},"end":{"line":11,"column":25}},"loc":{"start":{"line":11,"column":84},"end":{"line":341,"column":null}},"line":11},"1":{"name":"(anonymous_1)","decl":{"start":{"line":27,"column":27},"end":{"line":27,"column":39}},"loc":{"start":{"line":27,"column":39},"end":{"line":34,"column":null}},"line":27},"2":{"name":"(anonymous_2)","decl":{"start":{"line":36,"column":14},"end":{"line":36,"column":20}},"loc":{"start":{"line":36,"column":20},"end":{"line":40,"column":7}},"line":36},"3":{"name":"(anonymous_3)","decl":{"start":{"line":42,"column":25},"end":{"line":42,"column":null}},"loc":{"start":{"line":44,"column":9},"end":{"line":50,"column":null}},"line":44},"4":{"name":"(anonymous_4)","decl":{"start":{"line":46,"column":20},"end":{"line":46,"column":21}},"loc":{"start":{"line":46,"column":31},"end":{"line":49,"column":10}},"line":46},"5":{"name":"(anonymous_5)","decl":{"start":{"line":52,"column":30},"end":{"line":52,"column":31}},"loc":{"start":{"line":52,"column":74},"end":{"line":76,"column":null}},"line":52},"6":{"name":"(anonymous_6)","decl":{"start":{"line":71,"column":31},"end":{"line":71,"column":37}},"loc":{"start":{"line":71,"column":37},"end":{"line":73,"column":null}},"line":71},"7":{"name":"(anonymous_7)","decl":{"start":{"line":78,"column":30},"end":{"line":78,"column":36}},"loc":{"start":{"line":78,"column":36},"end":{"line":84,"column":null}},"line":78},"8":{"name":"(anonymous_8)","decl":{"start":{"line":86,"column":25},"end":{"line":86,"column":32}},"loc":{"start":{"line":86,"column":57},"end":{"line":130,"column":null}},"line":86},"9":{"name":"(anonymous_9)","decl":{"start":{"line":209,"column":52},"end":{"line":209,"column":53}},"loc":{"start":{"line":210,"column":40},"end":{"line":212,"column":null}},"line":210}},"branchMap":{"0":{"loc":{"start":{"line":37,"column":8},"end":{"line":39,"column":null}},"type":"if","locations":[{"start":{"line":37,"column":8},"end":{"line":39,"column":null}},{"start":{},"end":{}}],"line":37},"1":{"loc":{"start":{"line":48,"column":20},"end":{"line":48,"column":null}},"type":"cond-expr","locations":[{"start":{"line":48,"column":43},"end":{"line":48,"column":83}},{"start":{"line":48,"column":83},"end":{"line":48,"column":null}}],"line":48},"2":{"loc":{"start":{"line":54,"column":8},"end":{"line":75,"column":null}},"type":"if","locations":[{"start":{"line":54,"column":8},"end":{"line":75,"column":null}},{"start":{},"end":{}}],"line":54},"3":{"loc":{"start":{"line":57,"column":12},"end":{"line":60,"column":null}},"type":"if","locations":[{"start":{"line":57,"column":12},"end":{"line":60,"column":null}},{"start":{},"end":{}}],"line":57},"4":{"loc":{"start":{"line":62,"column":12},"end":{"line":65,"column":null}},"type":"if","locations":[{"start":{"line":62,"column":12},"end":{"line":65,"column":null}},{"start":{},"end":{}}],"line":62},"5":{"loc":{"start":{"line":81,"column":8},"end":{"line":83,"column":null}},"type":"if","locations":[{"start":{"line":81,"column":8},"end":{"line":83,"column":null}},{"start":{},"end":{}}],"line":81},"6":{"loc":{"start":{"line":95,"column":8},"end":{"line":97,"column":null}},"type":"if","locations":[{"start":{"line":95,"column":8},"end":{"line":97,"column":null}},{"start":{},"end":{}}],"line":95},"7":{"loc":{"start":{"line":100,"column":8},"end":{"line":102,"column":null}},"type":"if","locations":[{"start":{"line":100,"column":8},"end":{"line":102,"column":null}},{"start":{},"end":{}}],"line":100},"8":{"loc":{"start":{"line":122,"column":12},"end":{"line":124,"column":null}},"type":"if","locations":[{"start":{"line":122,"column":12},"end":{"line":124,"column":null}},{"start":{},"end":{}}],"line":122},"9":{"loc":{"start":{"line":126,"column":21},"end":{"line":126,"column":81}},"type":"binary-expr","locations":[{"start":{"line":126,"column":21},"end":{"line":126,"column":51}},{"start":{"line":126,"column":51},"end":{"line":126,"column":81}}],"line":126},"10":{"loc":{"start":{"line":132,"column":4},"end":{"line":132,"column":null}},"type":"if","locations":[{"start":{"line":132,"column":4},"end":{"line":132,"column":null}},{"start":{},"end":{}}],"line":132},"11":{"loc":{"start":{"line":158,"column":25},"end":{"line":161,"column":null}},"type":"binary-expr","locations":[{"start":{"line":158,"column":25},"end":{"line":158,"column":null}},{"start":{"line":159,"column":28},"end":{"line":161,"column":null}}],"line":158},"12":{"loc":{"start":{"line":240,"column":33},"end":{"line":257,"column":null}},"type":"binary-expr","locations":[{"start":{"line":240,"column":33},"end":{"line":240,"column":null}},{"start":{"line":241,"column":36},"end":{"line":257,"column":null}}],"line":240},"13":{"loc":{"start":{"line":263,"column":40},"end":{"line":265,"column":null}},"type":"cond-expr","locations":[{"start":{"line":264,"column":46},"end":{"line":264,"column":null}},{"start":{"line":265,"column":46},"end":{"line":265,"column":null}}],"line":263},"14":{"loc":{"start":{"line":272,"column":41},"end":{"line":272,"column":null}},"type":"cond-expr","locations":[{"start":{"line":272,"column":56},"end":{"line":272,"column":81}},{"start":{"line":272,"column":81},"end":{"line":272,"column":null}}],"line":272},"15":{"loc":{"start":{"line":333,"column":33},"end":{"line":333,"column":null}},"type":"cond-expr","locations":[{"start":{"line":333,"column":43},"end":{"line":333,"column":61}},{"start":{"line":333,"column":61},"end":{"line":333,"column":null}}],"line":333}},"s":{"0":17,"1":17,"2":17,"3":17,"4":17,"5":17,"6":17,"7":17,"8":5,"9":5,"10":5,"11":0,"12":17,"13":5,"14":5,"15":17,"16":3,"17":3,"18":3,"19":17,"20":2,"21":2,"22":2,"23":2,"24":1,"25":1,"26":1,"27":1,"28":1,"29":0,"30":0,"31":0,"32":0,"33":0,"34":0,"35":17,"36":0,"37":0,"38":0,"39":0,"40":17,"41":1,"42":1,"43":1,"44":1,"45":1,"46":1,"47":1,"48":1,"49":0,"50":1,"51":1,"52":1,"53":0,"54":1,"55":1,"56":1,"57":1,"58":1,"59":1,"60":1,"61":1,"62":1,"63":0,"64":1,"65":17,"66":0,"67":17,"68":20},"f":{"0":17,"1":5,"2":5,"3":3,"4":3,"5":2,"6":0,"7":0,"8":1,"9":20},"b":{"0":[5,0],"1":[0,3],"2":[2,0],"3":[1,1],"4":[1,0],"5":[0,0],"6":[0,1],"7":[0,1],"8":[1,0],"9":[0,0],"10":[0,17],"11":[17,4],"12":[17,0],"13":[0,17],"14":[0,17],"15":[1,16]},"meta":{"lastBranch":16,"lastFunction":10,"lastStatement":69,"seen":{"f:11:9:11:25":0,"s:12:32:19:Infinity":0,"s:20:34:20:Infinity":1,"s:21:40:21:Infinity":2,"s:22:36:22:Infinity":3,"s:23:30:23:Infinity":4,"s:24:26:24:Infinity":5,"s:25:10:25:Infinity":6,"s:27:27:34:Infinity":7,"f:27:27:27:39":1,"s:28:8:33:Infinity":8,"s:29:25:29:Infinity":9,"s:30:12:30:Infinity":10,"s:32:12:32:Infinity":11,"s:36:4:40:Infinity":12,"f:36:14:36:20":2,"b:37:8:39:Infinity:undefined:undefined:undefined:undefined":0,"s:37:8:39:Infinity":13,"s:38:12:38:Infinity":14,"s:42:25:50:Infinity":15,"f:42:25:42:Infinity":3,"s:45:38:45:Infinity":16,"s:46:8:49:Infinity":17,"f:46:20:46:21":4,"s:46:31:49:10":18,"b:48:43:48:83:48:83:48:Infinity":1,"s:52:30:76:Infinity":19,"f:52:30:52:31":5,"s:53:21:53:Infinity":20,"b:54:8:75:Infinity:undefined:undefined:undefined:undefined":2,"s:54:8:75:Infinity":21,"s:56:33:56:Infinity":22,"b:57:12:60:Infinity:undefined:undefined:undefined:undefined":3,"s:57:12:60:Infinity":23,"s:58:16:58:Infinity":24,"s:59:16:59:Infinity":25,"b:62:12:65:Infinity:undefined:undefined:undefined:undefined":4,"s:62:12:65:Infinity":26,"s:63:16:63:Infinity":27,"s:64:16:64:Infinity":28,"s:66:12:66:Infinity":29,"s:67:12:67:Infinity":30,"s:70:27:70:Infinity":31,"s:71:12:73:Infinity":32,"f:71:31:71:37":6,"s:72:16:72:Infinity":33,"s:74:12:74:Infinity":34,"s:78:30:84:Infinity":35,"f:78:30:78:36":7,"s:79:8:79:Infinity":36,"s:80:8:80:Infinity":37,"b:81:8:83:Infinity:undefined:undefined:undefined:undefined":5,"s:81:8:83:Infinity":38,"s:82:12:82:Infinity":39,"s:86:25:130:Infinity":40,"f:86:25:86:32":8,"s:87:8:87:Infinity":41,"s:88:8:88:Infinity":42,"s:89:8:89:Infinity":43,"s:91:28:91:Infinity":44,"s:92:8:92:Infinity":45,"s:93:8:93:Infinity":46,"s:94:8:94:Infinity":47,"b:95:8:97:Infinity:undefined:undefined:undefined:undefined":6,"s:95:8:97:Infinity":48,"s:96:12:96:Infinity":49,"s:98:8:98:Infinity":50,"s:99:8:99:Infinity":51,"b:100:8:102:Infinity:undefined:undefined:undefined:undefined":7,"s:100:8:102:Infinity":52,"s:101:12:101:Infinity":53,"s:104:8:129:Infinity":54,"s:105:12:109:Infinity":55,"s:110:12:110:Infinity":56,"s:111:12:111:Infinity":57,"s:112:12:119:Infinity":58,"s:120:12:120:Infinity":59,"s:121:12:121:Infinity":60,"b:122:12:124:Infinity:undefined:undefined:undefined:undefined":8,"s:122:12:124:Infinity":61,"s:123:16:123:Infinity":62,"s:126:12:126:Infinity":63,"b:126:21:126:51:126:51:126:81":9,"s:128:12:128:Infinity":64,"b:132:4:132:Infinity:undefined:undefined:undefined:undefined":10,"s:132:4:132:Infinity":65,"s:132:17:132:Infinity":66,"s:134:4:339:Infinity":67,"b:158:25:158:Infinity:159:28:161:Infinity":11,"f:209:52:209:53":9,"s:210:40:212:Infinity":68,"b:240:33:240:Infinity:241:36:257:Infinity":12,"b:264:46:264:Infinity:265:46:265:Infinity":13,"b:272:56:272:81:272:81:272:Infinity":14,"b:333:43:333:61:333:61:333:Infinity":15}}}
,"/home/nik/project_booza_shop/BOOZA_SHOP/rms_front/src/components/base/products/ProductCard.tsx": {"path":"/home/nik/project_booza_shop/BOOZA_SHOP/rms_front/src/components/base/products/ProductCard.tsx","statementMap":{"0":{"start":{"line":23,"column":27},"end":{"line":33,"column":null}},"1":{"start":{"line":24,"column":8},"end":{"line":32,"column":null}},"2":{"start":{"line":25,"column":12},"end":{"line":31,"column":null}},"3":{"start":{"line":35,"column":4},"end":{"line":83,"column":null}},"4":{"start":{"line":49,"column":29},"end":{"line":49,"column":null}}},"fnMap":{"0":{"name":"ProductCard","decl":{"start":{"line":12,"column":9},"end":{"line":12,"column":21}},"loc":{"start":{"line":21,"column":21},"end":{"line":85,"column":null}},"line":21},"1":{"name":"(anonymous_1)","decl":{"start":{"line":23,"column":27},"end":{"line":23,"column":33}},"loc":{"start":{"line":23,"column":33},"end":{"line":33,"column":null}},"line":23},"2":{"name":"(anonymous_2)","decl":{"start":{"line":48,"column":33},"end":{"line":48,"column":34}},"loc":{"start":{"line":48,"column":40},"end":{"line":50,"column":null}},"line":48}},"branchMap":{"0":{"loc":{"start":{"line":19,"column":4},"end":{"line":19,"column":null}},"type":"default-arg","locations":[{"start":{"line":19,"column":14},"end":{"line":19,"column":null}}],"line":19},"1":{"loc":{"start":{"line":24,"column":8},"end":{"line":32,"column":null}},"type":"if","locations":[{"start":{"line":24,"column":8},"end":{"line":32,"column":null}},{"start":{},"end":{}}],"line":24},"2":{"loc":{"start":{"line":41,"column":17},"end":{"line":51,"column":null}},"type":"cond-expr","locations":[{"start":{"line":42,"column":20},"end":{"line":42,"column":null}},{"start":{"line":44,"column":20},"end":{"line":51,"column":null}}],"line":41},"3":{"loc":{"start":{"line":60,"column":21},"end":{"line":63,"column":null}},"type":"binary-expr","locations":[{"start":{"line":60,"column":21},"end":{"line":60,"column":null}},{"start":{"line":61,"column":24},"end":{"line":63,"column":null}}],"line":60}},"s":{"0":4,"1":1,"2":1,"3":4,"4":0},"f":{"0":4,"1":1,"2":0},"b":{"0":[4],"1":[1,0],"2":[1,3],"3":[4,4]},"meta":{"lastBranch":4,"lastFunction":3,"lastStatement":5,"seen":{"f:12:9:12:21":0,"b:19:14:19:Infinity":0,"s:23:27:33:Infinity":0,"f:23:27:23:33":1,"b:24:8:32:Infinity:undefined:undefined:undefined:undefined":1,"s:24:8:32:Infinity":1,"s:25:12:31:Infinity":2,"s:35:4:83:Infinity":3,"b:42:20:42:Infinity:44:20:51:Infinity":2,"f:48:33:48:34":2,"s:49:29:49:Infinity":4,"b:60:21:60:Infinity:61:24:63:Infinity":3}}}
,"/home/nik/project_booza_shop/BOOZA_SHOP/rms_front/src/components/cart/Cart.tsx": {"path":"/home/nik/project_booza_shop/BOOZA_SHOP/rms_front/src/components/cart/Cart.tsx","statementMap":{"0":{"start":{"line":6,"column":18},"end":{"line":11,"column":null}},"1":{"start":{"line":7,"column":4},"end":{"line":11,"column":null}},"2":{"start":{"line":14,"column":18},"end":{"line":17,"column":null}},"3":{"start":{"line":15,"column":4},"end":{"line":17,"column":null}},"4":{"start":{"line":20,"column":17},"end":{"line":24,"column":null}},"5":{"start":{"line":21,"column":4},"end":{"line":24,"column":null}},"6":{"start":{"line":28,"column":83},"end":{"line":28,"column":null}},"7":{"start":{"line":29,"column":54},"end":{"line":29,"column":null}},"8":{"start":{"line":31,"column":4},"end":{"line":37,"column":null}},"9":{"start":{"line":32,"column":8},"end":{"line":35,"column":null}},"10":{"start":{"line":39,"column":4},"end":{"line":58,"column":null}},"11":{"start":{"line":40,"column":8},"end":{"line":56,"column":null}},"12":{"start":{"line":60,"column":4},"end":{"line":149,"column":null}},"13":{"start":{"line":67,"column":24},"end":{"line":113,"column":null}},"14":{"start":{"line":84,"column":51},"end":{"line":84,"column":null}},"15":{"start":{"line":92,"column":51},"end":{"line":92,"column":null}},"16":{"start":{"line":99,"column":51},"end":{"line":99,"column":null}},"17":{"start":{"line":133,"column":47},"end":{"line":133,"column":null}},"18":{"start":{"line":144,"column":31},"end":{"line":144,"column":null}},"19":{"start":{"line":146,"column":20},"end":{"line":146,"column":null}}},"fnMap":{"0":{"name":"(anonymous_0)","decl":{"start":{"line":6,"column":18},"end":{"line":6,"column":null}},"loc":{"start":{"line":7,"column":4},"end":{"line":11,"column":null}},"line":7},"1":{"name":"(anonymous_1)","decl":{"start":{"line":14,"column":18},"end":{"line":14,"column":null}},"loc":{"start":{"line":15,"column":4},"end":{"line":17,"column":null}},"line":15},"2":{"name":"(anonymous_2)","decl":{"start":{"line":20,"column":17},"end":{"line":20,"column":null}},"loc":{"start":{"line":21,"column":4},"end":{"line":24,"column":null}},"line":21},"3":{"name":"Cart","decl":{"start":{"line":27,"column":9},"end":{"line":27,"column":16}},"loc":{"start":{"line":27,"column":16},"end":{"line":151,"column":null}},"line":27},"4":{"name":"(anonymous_4)","decl":{"start":{"line":66,"column":31},"end":{"line":66,"column":32}},"loc":{"start":{"line":67,"column":24},"end":{"line":113,"column":null}},"line":67},"5":{"name":"(anonymous_5)","decl":{"start":{"line":84,"column":45},"end":{"line":84,"column":51}},"loc":{"start":{"line":84,"column":51},"end":{"line":84,"column":null}},"line":84},"6":{"name":"(anonymous_6)","decl":{"start":{"line":92,"column":45},"end":{"line":92,"column":51}},"loc":{"start":{"line":92,"column":51},"end":{"line":92,"column":null}},"line":92},"7":{"name":"(anonymous_7)","decl":{"start":{"line":99,"column":45},"end":{"line":99,"column":51}},"loc":{"start":{"line":99,"column":51},"end":{"line":99,"column":null}},"line":99},"8":{"name":"(anonymous_8)","decl":{"start":{"line":133,"column":41},"end":{"line":133,"column":47}},"loc":{"start":{"line":133,"column":47},"end":{"line":133,"column":null}},"line":133},"9":{"name":"(anonymous_9)","decl":{"start":{"line":144,"column":25},"end":{"line":144,"column":31}},"loc":{"start":{"line":144,"column":31},"end":{"line":144,"column":null}},"line":144},"10":{"name":"(anonymous_10)","decl":{"start":{"line":145,"column":34},"end":{"line":145,"column":40}},"loc":{"start":{"line":145,"column":40},"end":{"line":147,"column":null}},"line":145}},"branchMap":{"0":{"loc":{"start":{"line":31,"column":4},"end":{"line":37,"column":null}},"type":"if","locations":[{"start":{"line":31,"column":4},"end":{"line":37,"column":null}},{"start":{},"end":{}}],"line":31},"1":{"loc":{"start":{"line":39,"column":4},"end":{"line":58,"column":null}},"type":"if","locations":[{"start":{"line":39,"column":4},"end":{"line":58,"column":null}},{"start":{},"end":{}}],"line":39}},"s":{"0":1,"1":13,"2":1,"3":13,"4":1,"5":13,"6":21,"7":21,"8":21,"9":8,"10":13,"11":4,"12":9,"13":13,"14":2,"15":1,"16":1,"17":0,"18":0,"19":0},"f":{"0":13,"1":13,"2":13,"3":21,"4":13,"5":2,"6":1,"7":1,"8":0,"9":0,"10":0},"b":{"0":[8,13],"1":[4,9]},"meta":{"lastBranch":2,"lastFunction":11,"lastStatement":20,"seen":{"s:6:18:11:Infinity":0,"f:6:18:6:Infinity":0,"s:7:4:11:Infinity":1,"s:14:18:17:Infinity":2,"f:14:18:14:Infinity":1,"s:15:4:17:Infinity":3,"s:20:17:24:Infinity":4,"f:20:17:20:Infinity":2,"s:21:4:24:Infinity":5,"f:27:9:27:16":3,"s:28:83:28:Infinity":6,"s:29:54:29:Infinity":7,"b:31:4:37:Infinity:undefined:undefined:undefined:undefined":0,"s:31:4:37:Infinity":8,"s:32:8:35:Infinity":9,"b:39:4:58:Infinity:undefined:undefined:undefined:undefined":1,"s:39:4:58:Infinity":10,"s:40:8:56:Infinity":11,"s:60:4:149:Infinity":12,"f:66:31:66:32":4,"s:67:24:113:Infinity":13,"f:84:45:84:51":5,"s:84:51:84:Infinity":14,"f:92:45:92:51":6,"s:92:51:92:Infinity":15,"f:99:45:99:51":7,"s:99:51:99:Infinity":16,"f:133:41:133:47":8,"s:133:47:133:Infinity":17,"f:144:25:144:31":9,"s:144:31:144:Infinity":18,"f:145:34:145:40":10,"s:146:20:146:Infinity":19}}}
,"/home/nik/project_booza_shop/BOOZA_SHOP/rms_front/src/components/cart/CheckoutModal.tsx": {"path":"/home/nik/project_booza_shop/BOOZA_SHOP/rms_front/src/components/cart/CheckoutModal.tsx","statementMap":{"0":{"start":{"line":21,"column":41},"end":{"line":21,"column":null}},"1":{"start":{"line":22,"column":17},"end":{"line":22,"column":null}},"2":{"start":{"line":23,"column":46},"end":{"line":23,"column":null}},"3":{"start":{"line":24,"column":38},"end":{"line":24,"column":null}},"4":{"start":{"line":25,"column":26},"end":{"line":25,"column":null}},"5":{"start":{"line":26,"column":30},"end":{"line":26,"column":null}},"6":{"start":{"line":27,"column":26},"end":{"line":27,"column":null}},"7":{"start":{"line":28,"column":44},"end":{"line":28,"column":null}},"8":{"start":{"line":29,"column":10},"end":{"line":29,"column":null}},"9":{"start":{"line":30,"column":10},"end":{"line":30,"column":null}},"10":{"start":{"line":31,"column":10},"end":{"line":31,"column":null}},"11":{"start":{"line":33,"column":29},"end":{"line":33,"column":null}},"12":{"start":{"line":35,"column":4},"end":{"line":41,"column":null}},"13":{"start":{"line":36,"column":8},"end":{"line":40,"column":null}},"14":{"start":{"line":37,"column":12},"end":{"line":37,"column":null}},"15":{"start":{"line":38,"column":8},"end":{"line":40,"column":null}},"16":{"start":{"line":39,"column":12},"end":{"line":39,"column":null}},"17":{"start":{"line":43,"column":4},"end":{"line":47,"column":null}},"18":{"start":{"line":44,"column":8},"end":{"line":46,"column":null}},"19":{"start":{"line":45,"column":12},"end":{"line":45,"column":null}},"20":{"start":{"line":49,"column":4},"end":{"line":56,"column":null}},"21":{"start":{"line":50,"column":8},"end":{"line":55,"column":null}},"22":{"start":{"line":51,"column":28},"end":{"line":53,"column":null}},"23":{"start":{"line":52,"column":16},"end":{"line":52,"column":null}},"24":{"start":{"line":54,"column":12},"end":{"line":54,"column":null}},"25":{"start":{"line":54,"column":25},"end":{"line":54,"column":null}},"26":{"start":{"line":58,"column":26},"end":{"line":88,"column":null}},"27":{"start":{"line":59,"column":8},"end":{"line":64,"column":null}},"28":{"start":{"line":60,"column":12},"end":{"line":62,"column":null}},"29":{"start":{"line":61,"column":16},"end":{"line":61,"column":null}},"30":{"start":{"line":63,"column":12},"end":{"line":63,"column":null}},"31":{"start":{"line":66,"column":31},"end":{"line":66,"column":null}},"32":{"start":{"line":67,"column":8},"end":{"line":72,"column":null}},"33":{"start":{"line":68,"column":12},"end":{"line":70,"column":null}},"34":{"start":{"line":69,"column":16},"end":{"line":69,"column":null}},"35":{"start":{"line":71,"column":12},"end":{"line":71,"column":null}},"36":{"start":{"line":74,"column":23},"end":{"line":74,"column":null}},"37":{"start":{"line":75,"column":8},"end":{"line":75,"column":null}},"38":{"start":{"line":76,"column":8},"end":{"line":76,"column":null}},"39":{"start":{"line":77,"column":8},"end":{"line":83,"column":null}},"40":{"start":{"line":78,"column":12},"end":{"line":82,"column":null}},"41":{"start":{"line":79,"column":16},"end":{"line":81,"column":null}},"42":{"start":{"line":80,"column":20},"end":{"line":80,"column":null}},"43":{"start":{"line":84,"column":8},"end":{"line":86,"column":null}},"44":{"start":{"line":85,"column":12},"end":{"line":85,"column":null}},"45":{"start":{"line":87,"column":8},"end":{"line":87,"column":null}},"46":{"start":{"line":90,"column":20},"end":{"line":153,"column":null}},"47":{"start":{"line":91,"column":8},"end":{"line":93,"column":null}},"48":{"start":{"line":92,"column":12},"end":{"line":92,"column":null}},"49":{"start":{"line":95,"column":20},"end":{"line":99,"column":null}},"50":{"start":{"line":101,"column":8},"end":{"line":101,"column":null}},"51":{"start":{"line":104,"column":8},"end":{"line":108,"column":null}},"52":{"start":{"line":105,"column":27},"end":{"line":105,"column":null}},"53":{"start":{"line":106,"column":12},"end":{"line":106,"column":null}},"54":{"start":{"line":107,"column":12},"end":{"line":107,"column":null}},"55":{"start":{"line":111,"column":30},"end":{"line":117,"column":null}},"56":{"start":{"line":119,"column":8},"end":{"line":147,"column":null}},"57":{"start":{"line":120,"column":26},"end":{"line":120,"column":null}},"58":{"start":{"line":121,"column":12},"end":{"line":146,"column":null}},"59":{"start":{"line":122,"column":31},"end":{"line":122,"column":null}},"60":{"start":{"line":123,"column":32},"end":{"line":123,"column":null}},"61":{"start":{"line":124,"column":16},"end":{"line":124,"column":null}},"62":{"start":{"line":126,"column":16},"end":{"line":128,"column":null}},"63":{"start":{"line":127,"column":20},"end":{"line":127,"column":null}},"64":{"start":{"line":130,"column":34},"end":{"line":136,"column":null}},"65":{"start":{"line":138,"column":16},"end":{"line":141,"column":null}},"66":{"start":{"line":139,"column":38},"end":{"line":139,"column":null}},"67":{"start":{"line":140,"column":20},"end":{"line":140,"column":null}},"68":{"start":{"line":143,"column":16},"end":{"line":143,"column":null}},"69":{"start":{"line":144,"column":16},"end":{"line":144,"column":null}},"70":{"start":{"line":145,"column":16},"end":{"line":145,"column":null}},"71":{"start":{"line":149,"column":8},"end":{"line":149,"column":null}},"72":{"start":{"line":151,"column":8},"end":{"line":151,"column":null}},"73":{"start":{"line":152,"column":8},"end":{"line":152,"column":null}},"74":{"start":{"line":155,"column":28},"end":{"line":172,"column":null}},"75":{"start":{"line":156,"column":8},"end":{"line":158,"column":null}},"76":{"start":{"line":157,"column":12},"end":{"line":157,"column":null}},"77":{"start":{"line":160,"column":26},"end":{"line":163,"column":null}},"78":{"start":{"line":165,"column":8},"end":{"line":168,"column":null}},"79":{"start":{"line":166,"column":30},"end":{"line":166,"column":null}},"80":{"start":{"line":167,"column":12},"end":{"line":167,"column":null}},"81":{"start":{"line":170,"column":8},"end":{"line":170,"column":null}},"82":{"start":{"line":171,"column":8},"end":{"line":171,"column":null}},"83":{"start":{"line":174,"column":26},"end":{"line":193,"column":null}},"84":{"start":{"line":175,"column":8},"end":{"line":175,"column":null}},"85":{"start":{"line":175,"column":27},"end":{"line":175,"column":null}},"86":{"start":{"line":177,"column":8},"end":{"line":192,"column":null}},"87":{"start":{"line":178,"column":35},"end":{"line":178,"column":null}},"88":{"start":{"line":179,"column":12},"end":{"line":189,"column":null}},"89":{"start":{"line":180,"column":32},"end":{"line":180,"column":null}},"90":{"start":{"line":181,"column":16},"end":{"line":181,"column":null}},"91":{"start":{"line":183,"column":16},"end":{"line":188,"column":null}},"92":{"start":{"line":184,"column":20},"end":{"line":187,"column":null}},"93":{"start":{"line":191,"column":12},"end":{"line":191,"column":null}},"94":{"start":{"line":195,"column":25},"end":{"line":244,"column":null}},"95":{"start":{"line":196,"column":8},"end":{"line":196,"column":null}},"96":{"start":{"line":197,"column":8},"end":{"line":197,"column":null}},"97":{"start":{"line":198,"column":8},"end":{"line":198,"column":null}},"98":{"start":{"line":200,"column":8},"end":{"line":204,"column":null}},"99":{"start":{"line":201,"column":12},"end":{"line":201,"column":null}},"100":{"start":{"line":202,"column":12},"end":{"line":202,"column":null}},"101":{"start":{"line":203,"column":12},"end":{"line":203,"column":null}},"102":{"start":{"line":206,"column":8},"end":{"line":210,"column":null}},"103":{"start":{"line":207,"column":12},"end":{"line":207,"column":null}},"104":{"start":{"line":208,"column":12},"end":{"line":208,"column":null}},"105":{"start":{"line":209,"column":12},"end":{"line":209,"column":null}},"106":{"start":{"line":212,"column":8},"end":{"line":216,"column":null}},"107":{"start":{"line":213,"column":12},"end":{"line":213,"column":null}},"108":{"start":{"line":214,"column":12},"end":{"line":214,"column":null}},"109":{"start":{"line":215,"column":12},"end":{"line":215,"column":null}},"110":{"start":{"line":219,"column":27},"end":{"line":219,"column":null}},"111":{"start":{"line":221,"column":39},"end":{"line":229,"column":null}},"112":{"start":{"line":223,"column":40},"end":{"line":226,"column":14}},"113":{"start":{"line":231,"column":8},"end":{"line":243,"column":null}},"114":{"start":{"line":232,"column":12},"end":{"line":232,"column":null}},"115":{"start":{"line":233,"column":12},"end":{"line":233,"column":null}},"116":{"start":{"line":234,"column":12},"end":{"line":234,"column":null}},"117":{"start":{"line":235,"column":12},"end":{"line":235,"column":null}},"118":{"start":{"line":236,"column":12},"end":{"line":236,"column":null}},"119":{"start":{"line":237,"column":12},"end":{"line":237,"column":null}},"120":{"start":{"line":238,"column":12},"end":{"line":238,"column":null}},"121":{"start":{"line":240,"column":12},"end":{"line":240,"column":null}},"122":{"start":{"line":242,"column":12},"end":{"line":242,"column":null}},"123":{"start":{"line":246,"column":4},"end":{"line":246,"column":null}},"124":{"start":{"line":246,"column":17},"end":{"line":246,"column":null}},"125":{"start":{"line":248,"column":4},"end":{"line":382,"column":null}},"126":{"start":{"line":300,"column":49},"end":{"line":300,"column":null}},"127":{"start":{"line":316,"column":54},"end":{"line":316,"column":null}},"128":{"start":{"line":317,"column":36},"end":{"line":317,"column":null}},"129":{"start":{"line":332,"column":49},"end":{"line":332,"column":null}},"130":{"start":{"line":344,"column":36},"end":{"line":351,"column":null}}},"fnMap":{"0":{"name":"CheckoutModal","decl":{"start":{"line":20,"column":9},"end":{"line":20,"column":23}},"loc":{"start":{"line":20,"column":82},"end":{"line":384,"column":null}},"line":20},"1":{"name":"(anonymous_1)","decl":{"start":{"line":35,"column":14},"end":{"line":35,"column":20}},"loc":{"start":{"line":35,"column":20},"end":{"line":41,"column":7}},"line":35},"2":{"name":"(anonymous_2)","decl":{"start":{"line":43,"column":14},"end":{"line":43,"column":20}},"loc":{"start":{"line":43,"column":20},"end":{"line":47,"column":7}},"line":43},"3":{"name":"(anonymous_3)","decl":{"start":{"line":49,"column":14},"end":{"line":49,"column":20}},"loc":{"start":{"line":49,"column":20},"end":{"line":56,"column":7}},"line":49},"4":{"name":"(anonymous_4)","decl":{"start":{"line":51,"column":39},"end":{"line":51,"column":45}},"loc":{"start":{"line":51,"column":45},"end":{"line":53,"column":15}},"line":51},"5":{"name":"(anonymous_5)","decl":{"start":{"line":54,"column":19},"end":{"line":54,"column":25}},"loc":{"start":{"line":54,"column":25},"end":{"line":54,"column":null}},"line":54},"6":{"name":"(anonymous_6)","decl":{"start":{"line":58,"column":26},"end":{"line":58,"column":32}},"loc":{"start":{"line":58,"column":32},"end":{"line":88,"column":null}},"line":58},"7":{"name":"(anonymous_7)","decl":{"start":{"line":60,"column":31},"end":{"line":60,"column":37}},"loc":{"start":{"line":60,"column":37},"end":{"line":62,"column":13}},"line":60},"8":{"name":"(anonymous_8)","decl":{"start":{"line":68,"column":31},"end":{"line":68,"column":37}},"loc":{"start":{"line":68,"column":37},"end":{"line":70,"column":13}},"line":68},"9":{"name":"(anonymous_9)","decl":{"start":{"line":77,"column":24},"end":{"line":77,"column":30}},"loc":{"start":{"line":77,"column":30},"end":{"line":83,"column":null}},"line":77},"10":{"name":"(anonymous_10)","decl":{"start":{"line":79,"column":35},"end":{"line":79,"column":41}},"loc":{"start":{"line":79,"column":41},"end":{"line":81,"column":17}},"line":79},"11":{"name":"(anonymous_11)","decl":{"start":{"line":84,"column":25},"end":{"line":84,"column":31}},"loc":{"start":{"line":84,"column":31},"end":{"line":86,"column":null}},"line":84},"12":{"name":"(anonymous_12)","decl":{"start":{"line":90,"column":20},"end":{"line":90,"column":26}},"loc":{"start":{"line":90,"column":26},"end":{"line":153,"column":null}},"line":90},"13":{"name":"(anonymous_13)","decl":{"start":{"line":104,"column":32},"end":{"line":104,"column":33}},"loc":{"start":{"line":104,"column":44},"end":{"line":108,"column":9}},"line":104},"14":{"name":"(anonymous_14)","decl":{"start":{"line":119,"column":49},"end":{"line":119,"column":50}},"loc":{"start":{"line":119,"column":61},"end":{"line":147,"column":9}},"line":119},"15":{"name":"(anonymous_15)","decl":{"start":{"line":121,"column":48},"end":{"line":121,"column":49}},"loc":{"start":{"line":121,"column":65},"end":{"line":146,"column":13}},"line":121},"16":{"name":"(anonymous_16)","decl":{"start":{"line":138,"column":48},"end":{"line":138,"column":54}},"loc":{"start":{"line":138,"column":54},"end":{"line":141,"column":17}},"line":138},"17":{"name":"(anonymous_17)","decl":{"start":{"line":155,"column":28},"end":{"line":155,"column":29}},"loc":{"start":{"line":155,"column":60},"end":{"line":172,"column":null}},"line":155},"18":{"name":"(anonymous_18)","decl":{"start":{"line":165,"column":40},"end":{"line":165,"column":46}},"loc":{"start":{"line":165,"column":46},"end":{"line":168,"column":9}},"line":165},"19":{"name":"(anonymous_19)","decl":{"start":{"line":174,"column":26},"end":{"line":174,"column":27}},"loc":{"start":{"line":174,"column":48},"end":{"line":193,"column":null}},"line":174},"20":{"name":"(anonymous_20)","decl":{"start":{"line":177,"column":42},"end":{"line":177,"column":43}},"loc":{"start":{"line":177,"column":56},"end":{"line":190,"column":9}},"line":177},"21":{"name":"(anonymous_21)","decl":{"start":{"line":190,"column":17},"end":{"line":190,"column":18}},"loc":{"start":{"line":190,"column":31},"end":{"line":192,"column":9}},"line":190},"22":{"name":"(anonymous_22)","decl":{"start":{"line":195,"column":25},"end":{"line":195,"column":32}},"loc":{"start":{"line":195,"column":57},"end":{"line":244,"column":null}},"line":195},"23":{"name":"(anonymous_23)","decl":{"start":{"line":223,"column":29},"end":{"line":223,"column":30}},"loc":{"start":{"line":223,"column":40},"end":{"line":226,"column":14}},"line":223},"24":{"name":"(anonymous_24)","decl":{"start":{"line":300,"column":42},"end":{"line":300,"column":43}},"loc":{"start":{"line":300,"column":49},"end":{"line":300,"column":null}},"line":300},"25":{"name":"(anonymous_25)","decl":{"start":{"line":315,"column":42},"end":{"line":315,"column":43}},"loc":{"start":{"line":315,"column":49},"end":{"line":318,"column":null}},"line":315},"26":{"name":"(anonymous_26)","decl":{"start":{"line":332,"column":42},"end":{"line":332,"column":43}},"loc":{"start":{"line":332,"column":49},"end":{"line":332,"column":null}},"line":332},"27":{"name":"(anonymous_27)","decl":{"start":{"line":343,"column":43},"end":{"line":343,"column":44}},"loc":{"start":{"line":344,"column":36},"end":{"line":351,"column":null}},"line":344}},"branchMap":{"0":{"loc":{"start":{"line":36,"column":8},"end":{"line":40,"column":null}},"type":"if","locations":[{"start":{"line":36,"column":8},"end":{"line":40,"column":null}},{"start":{"line":38,"column":8},"end":{"line":40,"column":null}}],"line":36},"1":{"loc":{"start":{"line":36,"column":12},"end":{"line":36,"column":35}},"type":"binary-expr","locations":[{"start":{"line":36,"column":12},"end":{"line":36,"column":22}},{"start":{"line":36,"column":22},"end":{"line":36,"column":35}}],"line":36},"2":{"loc":{"start":{"line":38,"column":8},"end":{"line":40,"column":null}},"type":"if","locations":[{"start":{"line":38,"column":8},"end":{"line":40,"column":null}},{"start":{},"end":{}}],"line":38},"3":{"loc":{"start":{"line":44,"column":8},"end":{"line":46,"column":null}},"type":"if","locations":[{"start":{"line":44,"column":8},"end":{"line":46,"column":null}},{"start":{},"end":{}}],"line":44},"4":{"loc":{"start":{"line":44,"column":12},"end":{"line":44,"column":66}},"type":"binary-expr","locations":[{"start":{"line":44,"column":12},"end":{"line":44,"column":22}},{"start":{"line":44,"column":22},"end":{"line":44,"column":49}},{"start":{"line":44,"column":49},"end":{"line":44,"column":66}}],"line":44},"5":{"loc":{"start":{"line":50,"column":8},"end":{"line":55,"column":null}},"type":"if","locations":[{"start":{"line":50,"column":8},"end":{"line":55,"column":null}},{"start":{},"end":{}}],"line":50},"6":{"loc":{"start":{"line":50,"column":12},"end":{"line":50,"column":64}},"type":"binary-expr","locations":[{"start":{"line":50,"column":12},"end":{"line":50,"column":22}},{"start":{"line":50,"column":22},"end":{"line":50,"column":40}},{"start":{"line":50,"column":40},"end":{"line":50,"column":64}}],"line":50},"7":{"loc":{"start":{"line":59,"column":8},"end":{"line":64,"column":null}},"type":"if","locations":[{"start":{"line":59,"column":8},"end":{"line":64,"column":null}},{"start":{},"end":{}}],"line":59},"8":{"loc":{"start":{"line":67,"column":8},"end":{"line":72,"column":null}},"type":"if","locations":[{"start":{"line":67,"column":8},"end":{"line":72,"column":null}},{"start":{},"end":{}}],"line":67},"9":{"loc":{"start":{"line":78,"column":12},"end":{"line":82,"column":null}},"type":"if","locations":[{"start":{"line":78,"column":12},"end":{"line":82,"column":null}},{"start":{},"end":{}}],"line":78},"10":{"loc":{"start":{"line":91,"column":8},"end":{"line":93,"column":null}},"type":"if","locations":[{"start":{"line":91,"column":8},"end":{"line":93,"column":null}},{"start":{},"end":{}}],"line":91},"11":{"loc":{"start":{"line":91,"column":12},"end":{"line":91,"column":73}},"type":"binary-expr","locations":[{"start":{"line":91,"column":12},"end":{"line":91,"column":40}},{"start":{"line":91,"column":40},"end":{"line":91,"column":57}},{"start":{"line":91,"column":57},"end":{"line":91,"column":73}}],"line":91},"12":{"loc":{"start":{"line":126,"column":16},"end":{"line":128,"column":null}},"type":"if","locations":[{"start":{"line":126,"column":16},"end":{"line":128,"column":null}},{"start":{},"end":{}}],"line":126},"13":{"loc":{"start":{"line":156,"column":8},"end":{"line":158,"column":null}},"type":"if","locations":[{"start":{"line":156,"column":8},"end":{"line":158,"column":null}},{"start":{},"end":{}}],"line":156},"14":{"loc":{"start":{"line":175,"column":8},"end":{"line":175,"column":null}},"type":"if","locations":[{"start":{"line":175,"column":8},"end":{"line":175,"column":null}},{"start":{},"end":{}}],"line":175},"15":{"loc":{"start":{"line":179,"column":12},"end":{"line":189,"column":null}},"type":"if","locations":[{"start":{"line":179,"column":12},"end":{"line":189,"column":null}},{"start":{},"end":{}}],"line":179},"16":{"loc":{"start":{"line":183,"column":16},"end":{"line":188,"column":null}},"type":"if","locations":[{"start":{"line":183,"column":16},"end":{"line":188,"column":null}},{"start":{},"end":{}}],"line":183},"17":{"loc":{"start":{"line":200,"column":8},"end":{"line":204,"column":null}},"type":"if","locations":[{"start":{"line":200,"column":8},"end":{"line":204,"column":null}},{"start":{},"end":{}}],"line":200},"18":{"loc":{"start":{"line":206,"column":8},"end":{"line":210,"column":null}},"type":"if","locations":[{"start":{"line":206,"column":8},"end":{"line":210,"column":null}},{"start":{},"end":{}}],"line":206},"19":{"loc":{"start":{"line":212,"column":8},"end":{"line":216,"column":null}},"type":"if","locations":[{"start":{"line":212,"column":8},"end":{"line":216,"column":null}},{"start":{},"end":{}}],"line":212},"20":{"loc":{"start":{"line":227,"column":25},"end":{"line":227,"column":null}},"type":"binary-expr","locations":[{"start":{"line":227,"column":25},"end":{"line":227,"column":47}},{"start":{"line":227,"column":47},"end":{"line":227,"column":null}}],"line":227},"21":{"loc":{"start":{"line":240,"column":21},"end":{"line":240,"column":79}},"type":"binary-expr","locations":[{"start":{"line":240,"column":21},"end":{"line":240,"column":51}},{"start":{"line":240,"column":51},"end":{"line":240,"column":79}}],"line":240},"22":{"loc":{"start":{"line":246,"column":4},"end":{"line":246,"column":null}},"type":"if","locations":[{"start":{"line":246,"column":4},"end":{"line":246,"column":null}},{"start":{},"end":{}}],"line":246},"23":{"loc":{"start":{"line":272,"column":25},"end":{"line":275,"column":null}},"type":"binary-expr","locations":[{"start":{"line":272,"column":25},"end":{"line":272,"column":null}},{"start":{"line":273,"column":28},"end":{"line":275,"column":null}}],"line":272},"24":{"loc":{"start":{"line":373,"column":42},"end":{"line":373,"column":null}},"type":"binary-expr","locations":[{"start":{"line":373,"column":42},"end":{"line":373,"column":53}},{"start":{"line":373,"column":53},"end":{"line":373,"column":80}},{"start":{"line":373,"column":80},"end":{"line":373,"column":null}}],"line":373},"25":{"loc":{"start":{"line":376,"column":33},"end":{"line":376,"column":null}},"type":"cond-expr","locations":[{"start":{"line":376,"column":43},"end":{"line":376,"column":59}},{"start":{"line":376,"column":59},"end":{"line":376,"column":null}}],"line":376}},"s":{"0":20,"1":20,"2":20,"3":20,"4":20,"5":20,"6":20,"7":20,"8":20,"9":20,"10":20,"11":20,"12":20,"13":10,"14":0,"15":10,"16":3,"17":20,"18":10,"19":3,"20":20,"21":13,"22":3,"23":0,"24":3,"25":3,"26":20,"27":3,"28":3,"29":3,"30":3,"31":0,"32":0,"33":0,"34":0,"35":0,"36":0,"37":0,"38":0,"39":0,"40":0,"41":0,"42":0,"43":0,"44":0,"45":0,"46":20,"47":3,"48":0,"49":3,"50":3,"51":3,"52":0,"53":0,"54":0,"55":3,"56":3,"57":0,"58":0,"59":0,"60":0,"61":0,"62":0,"63":0,"64":0,"65":0,"66":0,"67":0,"68":0,"69":0,"70":0,"71":3,"72":3,"73":3,"74":20,"75":0,"76":0,"77":0,"78":0,"79":0,"80":0,"81":0,"82":0,"83":20,"84":0,"85":0,"86":0,"87":0,"88":0,"89":0,"90":0,"91":0,"92":0,"93":0,"94":20,"95":0,"96":0,"97":0,"98":0,"99":0,"100":0,"101":0,"102":0,"103":0,"104":0,"105":0,"106":0,"107":0,"108":0,"109":0,"110":0,"111":0,"112":0,"113":0,"114":0,"115":0,"116":0,"117":0,"118":0,"119":0,"120":0,"121":0,"122":0,"123":20,"124":9,"125":11,"126":2,"127":3,"128":3,"129":0,"130":8},"f":{"0":20,"1":10,"2":10,"3":13,"4":0,"5":3,"6":3,"7":3,"8":0,"9":0,"10":0,"11":0,"12":3,"13":0,"14":0,"15":0,"16":0,"17":0,"18":0,"19":0,"20":0,"21":0,"22":0,"23":0,"24":2,"25":3,"26":0,"27":8},"b":{"0":[0,10],"1":[10,3],"2":[3,7],"3":[3,7],"4":[10,3,3],"5":[3,10],"6":[13,6,3],"7":[3,0],"8":[0,0],"9":[0,0],"10":[0,3],"11":[3,3,3],"12":[0,0],"13":[0,0],"14":[0,0],"15":[0,0],"16":[0,0],"17":[0,0],"18":[0,0],"19":[0,0],"20":[0,0],"21":[0,0],"22":[9,11],"23":[11,0],"24":[20,11,2],"25":[0,11]},"meta":{"lastBranch":26,"lastFunction":28,"lastStatement":131,"seen":{"f:20:9:20:23":0,"s:21:41:21:Infinity":0,"s:22:17:22:Infinity":1,"s:23:46:23:Infinity":2,"s:24:38:24:Infinity":3,"s:25:26:25:Infinity":4,"s:26:30:26:Infinity":5,"s:27:26:27:Infinity":6,"s:28:44:28:Infinity":7,"s:29:10:29:Infinity":8,"s:30:10:30:Infinity":9,"s:31:10:31:Infinity":10,"s:33:29:33:Infinity":11,"s:35:4:41:Infinity":12,"f:35:14:35:20":1,"b:36:8:40:Infinity:38:8:40:Infinity":0,"s:36:8:40:Infinity":13,"b:36:12:36:22:36:22:36:35":1,"s:37:12:37:Infinity":14,"b:38:8:40:Infinity:undefined:undefined:undefined:undefined":2,"s:38:8:40:Infinity":15,"s:39:12:39:Infinity":16,"s:43:4:47:Infinity":17,"f:43:14:43:20":2,"b:44:8:46:Infinity:undefined:undefined:undefined:undefined":3,"s:44:8:46:Infinity":18,"b:44:12:44:22:44:22:44:49:44:49:44:66":4,"s:45:12:45:Infinity":19,"s:49:4:56:Infinity":20,"f:49:14:49:20":3,"b:50:8:55:Infinity:undefined:undefined:undefined:undefined":5,"s:50:8:55:Infinity":21,"b:50:12:50:22:50:22:50:40:50:40:50:64":6,"s:51:28:53:Infinity":22,"f:51:39:51:45":4,"s:52:16:52:Infinity":23,"s:54:12:54:Infinity":24,"f:54:19:54:25":5,"s:54:25:54:Infinity":25,"s:58:26:88:Infinity":26,"f:58:26:58:32":6,"b:59:8:64:Infinity:undefined:undefined:undefined:undefined":7,"s:59:8:64:Infinity":27,"s:60:12:62:Infinity":28,"f:60:31:60:37":7,"s:61:16:61:Infinity":29,"s:63:12:63:Infinity":30,"s:66:31:66:Infinity":31,"b:67:8:72:Infinity:undefined:undefined:undefined:undefined":8,"s:67:8:72:Infinity":32,"s:68:12:70:Infinity":33,"f:68:31:68:37":8,"s:69:16:69:Infinity":34,"s:71:12:71:Infinity":35,"s:74:23:74:Infinity":36,"s:75:8:75:Infinity":37,"s:76:8:76:Infinity":38,"s:77:8:83:Infinity":39,"f:77:24:77:30":9,"b:78:12:82:Infinity:undefined:undefined:undefined:undefined":9,"s:78:12:82:Infinity":40,"s:79:16:81:Infinity":41,"f:79:35:79:41":10,"s:80:20:80:Infinity":42,"s:84:8:86:Infinity":43,"f:84:25:84:31":11,"s:85:12:85:Infinity":44,"s:87:8:87:Infinity":45,"s:90:20:153:Infinity":46,"f:90:20:90:26":12,"b:91:8:93:Infinity:undefined:undefined:undefined:undefined":10,"s:91:8:93:Infinity":47,"b:91:12:91:40:91:40:91:57:91:57:91:73":11,"s:92:12:92:Infinity":48,"s:95:20:99:Infinity":49,"s:101:8:101:Infinity":50,"s:104:8:108:Infinity":51,"f:104:32:104:33":13,"s:105:27:105:Infinity":52,"s:106:12:106:Infinity":53,"s:107:12:107:Infinity":54,"s:111:30:117:Infinity":55,"s:119:8:147:Infinity":56,"f:119:49:119:50":14,"s:120:26:120:Infinity":57,"s:121:12:146:Infinity":58,"f:121:48:121:49":15,"s:122:31:122:Infinity":59,"s:123:32:123:Infinity":60,"s:124:16:124:Infinity":61,"b:126:16:128:Infinity:undefined:undefined:undefined:undefined":12,"s:126:16:128:Infinity":62,"s:127:20:127:Infinity":63,"s:130:34:136:Infinity":64,"s:138:16:141:Infinity":65,"f:138:48:138:54":16,"s:139:38:139:Infinity":66,"s:140:20:140:Infinity":67,"s:143:16:143:Infinity":68,"s:144:16:144:Infinity":69,"s:145:16:145:Infinity":70,"s:149:8:149:Infinity":71,"s:151:8:151:Infinity":72,"s:152:8:152:Infinity":73,"s:155:28:172:Infinity":74,"f:155:28:155:29":17,"b:156:8:158:Infinity:undefined:undefined:undefined:undefined":13,"s:156:8:158:Infinity":75,"s:157:12:157:Infinity":76,"s:160:26:163:Infinity":77,"s:165:8:168:Infinity":78,"f:165:40:165:46":18,"s:166:30:166:Infinity":79,"s:167:12:167:Infinity":80,"s:170:8:170:Infinity":81,"s:171:8:171:Infinity":82,"s:174:26:193:Infinity":83,"f:174:26:174:27":19,"b:175:8:175:Infinity:undefined:undefined:undefined:undefined":14,"s:175:8:175:Infinity":84,"s:175:27:175:Infinity":85,"s:177:8:192:Infinity":86,"f:177:42:177:43":20,"s:178:35:178:Infinity":87,"b:179:12:189:Infinity:undefined:undefined:undefined:undefined":15,"s:179:12:189:Infinity":88,"s:180:32:180:Infinity":89,"s:181:16:181:Infinity":90,"b:183:16:188:Infinity:undefined:undefined:undefined:undefined":16,"s:183:16:188:Infinity":91,"s:184:20:187:Infinity":92,"f:190:17:190:18":21,"s:191:12:191:Infinity":93,"s:195:25:244:Infinity":94,"f:195:25:195:32":22,"s:196:8:196:Infinity":95,"s:197:8:197:Infinity":96,"s:198:8:198:Infinity":97,"b:200:8:204:Infinity:undefined:undefined:undefined:undefined":17,"s:200:8:204:Infinity":98,"s:201:12:201:Infinity":99,"s:202:12:202:Infinity":100,"s:203:12:203:Infinity":101,"b:206:8:210:Infinity:undefined:undefined:undefined:undefined":18,"s:206:8:210:Infinity":102,"s:207:12:207:Infinity":103,"s:208:12:208:Infinity":104,"s:209:12:209:Infinity":105,"b:212:8:216:Infinity:undefined:undefined:undefined:undefined":19,"s:212:8:216:Infinity":106,"s:213:12:213:Infinity":107,"s:214:12:214:Infinity":108,"s:215:12:215:Infinity":109,"s:219:27:219:Infinity":110,"s:221:39:229:Infinity":111,"f:223:29:223:30":23,"s:223:40:226:14":112,"b:227:25:227:47:227:47:227:Infinity":20,"s:231:8:243:Infinity":113,"s:232:12:232:Infinity":114,"s:233:12:233:Infinity":115,"s:234:12:234:Infinity":116,"s:235:12:235:Infinity":117,"s:236:12:236:Infinity":118,"s:237:12:237:Infinity":119,"s:238:12:238:Infinity":120,"s:240:12:240:Infinity":121,"b:240:21:240:51:240:51:240:79":21,"s:242:12:242:Infinity":122,"b:246:4:246:Infinity:undefined:undefined:undefined:undefined":22,"s:246:4:246:Infinity":123,"s:246:17:246:Infinity":124,"s:248:4:382:Infinity":125,"b:272:25:272:Infinity:273:28:275:Infinity":23,"f:300:42:300:43":24,"s:300:49:300:Infinity":126,"f:315:42:315:43":25,"s:316:54:316:Infinity":127,"s:317:36:317:Infinity":128,"f:332:42:332:43":26,"s:332:49:332:Infinity":129,"f:343:43:343:44":27,"s:344:36:351:Infinity":130,"b:373:42:373:53:373:53:373:80:373:80:373:Infinity":24,"b:376:43:376:59:376:59:376:Infinity":25}}}
,"/home/nik/project_booza_shop/BOOZA_SHOP/rms_front/src/contexts/CartContext.tsx": {"path":"/home/nik/project_booza_shop/BOOZA_SHOP/rms_front/src/contexts/CartContext.tsx","statementMap":{"0":{"start":{"line":23,"column":6},"end":{"line":23,"column":null}},"1":{"start":{"line":25,"column":25},"end":{"line":25,"column":null}},"2":{"start":{"line":28,"column":26},"end":{"line":28,"column":null}},"3":{"start":{"line":29,"column":32},"end":{"line":29,"column":null}},"4":{"start":{"line":31,"column":4},"end":{"line":41,"column":null}},"5":{"start":{"line":32,"column":23},"end":{"line":32,"column":null}},"6":{"start":{"line":33,"column":8},"end":{"line":39,"column":null}},"7":{"start":{"line":34,"column":12},"end":{"line":38,"column":null}},"8":{"start":{"line":35,"column":16},"end":{"line":35,"column":null}},"9":{"start":{"line":37,"column":16},"end":{"line":37,"column":null}},"10":{"start":{"line":40,"column":8},"end":{"line":40,"column":null}},"11":{"start":{"line":43,"column":4},"end":{"line":47,"column":null}},"12":{"start":{"line":44,"column":8},"end":{"line":46,"column":null}},"13":{"start":{"line":45,"column":12},"end":{"line":45,"column":null}},"14":{"start":{"line":49,"column":22},"end":{"line":59,"column":null}},"15":{"start":{"line":50,"column":8},"end":{"line":58,"column":null}},"16":{"start":{"line":51,"column":29},"end":{"line":51,"column":null}},"17":{"start":{"line":51,"column":49},"end":{"line":51,"column":71}},"18":{"start":{"line":52,"column":12},"end":{"line":56,"column":null}},"19":{"start":{"line":53,"column":16},"end":{"line":55,"column":null}},"20":{"start":{"line":54,"column":20},"end":{"line":54,"column":null}},"21":{"start":{"line":57,"column":12},"end":{"line":57,"column":null}},"22":{"start":{"line":61,"column":27},"end":{"line":63,"column":null}},"23":{"start":{"line":62,"column":8},"end":{"line":62,"column":null}},"24":{"start":{"line":62,"column":27},"end":{"line":62,"column":64}},"25":{"start":{"line":62,"column":49},"end":{"line":62,"column":63}},"26":{"start":{"line":65,"column":27},"end":{"line":75,"column":null}},"27":{"start":{"line":66,"column":8},"end":{"line":74,"column":null}},"28":{"start":{"line":67,"column":12},"end":{"line":73,"column":null}},"29":{"start":{"line":68,"column":16},"end":{"line":71,"column":null}},"30":{"start":{"line":69,"column":40},"end":{"line":69,"column":null}},"31":{"start":{"line":70,"column":20},"end":{"line":70,"column":null}},"32":{"start":{"line":72,"column":16},"end":{"line":72,"column":null}},"33":{"start":{"line":73,"column":32},"end":{"line":73,"column":49}},"34":{"start":{"line":77,"column":22},"end":{"line":77,"column":null}},"35":{"start":{"line":77,"column":28},"end":{"line":77,"column":null}},"36":{"start":{"line":79,"column":23},"end":{"line":79,"column":null}},"37":{"start":{"line":79,"column":51},"end":{"line":79,"column":85}},"38":{"start":{"line":80,"column":23},"end":{"line":80,"column":null}},"39":{"start":{"line":80,"column":51},"end":{"line":80,"column":72}},"40":{"start":{"line":82,"column":4},"end":{"line":85,"column":null}},"41":{"start":{"line":90,"column":10},"end":{"line":90,"column":null}},"42":{"start":{"line":91,"column":4},"end":{"line":93,"column":null}},"43":{"start":{"line":92,"column":8},"end":{"line":92,"column":null}},"44":{"start":{"line":94,"column":4},"end":{"line":94,"column":null}}},"fnMap":{"0":{"name":"CartProvider","decl":{"start":{"line":27,"column":16},"end":{"line":27,"column":29}},"loc":{"start":{"line":27,"column":68},"end":{"line":87,"column":null}},"line":27},"1":{"name":"(anonymous_1)","decl":{"start":{"line":31,"column":14},"end":{"line":31,"column":20}},"loc":{"start":{"line":31,"column":20},"end":{"line":41,"column":7}},"line":31},"2":{"name":"(anonymous_2)","decl":{"start":{"line":43,"column":14},"end":{"line":43,"column":20}},"loc":{"start":{"line":43,"column":20},"end":{"line":47,"column":7}},"line":43},"3":{"name":"(anonymous_3)","decl":{"start":{"line":49,"column":22},"end":{"line":49,"column":23}},"loc":{"start":{"line":49,"column":63},"end":{"line":59,"column":null}},"line":49},"4":{"name":"(anonymous_4)","decl":{"start":{"line":50,"column":17},"end":{"line":50,"column":18}},"loc":{"start":{"line":50,"column":27},"end":{"line":58,"column":9}},"line":50},"5":{"name":"(anonymous_5)","decl":{"start":{"line":51,"column":39},"end":{"line":51,"column":40}},"loc":{"start":{"line":51,"column":49},"end":{"line":51,"column":71}},"line":51},"6":{"name":"(anonymous_6)","decl":{"start":{"line":53,"column":32},"end":{"line":53,"column":33}},"loc":{"start":{"line":54,"column":20},"end":{"line":54,"column":null}},"line":54},"7":{"name":"(anonymous_7)","decl":{"start":{"line":61,"column":27},"end":{"line":61,"column":28}},"loc":{"start":{"line":61,"column":43},"end":{"line":63,"column":null}},"line":61},"8":{"name":"(anonymous_8)","decl":{"start":{"line":62,"column":17},"end":{"line":62,"column":18}},"loc":{"start":{"line":62,"column":27},"end":{"line":62,"column":64}},"line":62},"9":{"name":"(anonymous_9)","decl":{"start":{"line":62,"column":39},"end":{"line":62,"column":40}},"loc":{"start":{"line":62,"column":49},"end":{"line":62,"column":63}},"line":62},"10":{"name":"(anonymous_10)","decl":{"start":{"line":65,"column":27},"end":{"line":65,"column":28}},"loc":{"start":{"line":65,"column":58},"end":{"line":75,"column":null}},"line":65},"11":{"name":"(anonymous_11)","decl":{"start":{"line":66,"column":17},"end":{"line":66,"column":18}},"loc":{"start":{"line":66,"column":27},"end":{"line":74,"column":9}},"line":66},"12":{"name":"(anonymous_12)","decl":{"start":{"line":67,"column":28},"end":{"line":67,"column":29}},"loc":{"start":{"line":67,"column":38},"end":{"line":73,"column":13}},"line":67},"13":{"name":"(anonymous_13)","decl":{"start":{"line":73,"column":22},"end":{"line":73,"column":23}},"loc":{"start":{"line":73,"column":32},"end":{"line":73,"column":49}},"line":73},"14":{"name":"(anonymous_14)","decl":{"start":{"line":77,"column":22},"end":{"line":77,"column":28}},"loc":{"start":{"line":77,"column":28},"end":{"line":77,"column":null}},"line":77},"15":{"name":"(anonymous_15)","decl":{"start":{"line":79,"column":36},"end":{"line":79,"column":37}},"loc":{"start":{"line":79,"column":51},"end":{"line":79,"column":85}},"line":79},"16":{"name":"(anonymous_16)","decl":{"start":{"line":80,"column":36},"end":{"line":80,"column":37}},"loc":{"start":{"line":80,"column":51},"end":{"line":80,"column":72}},"line":80},"17":{"name":"useCart","decl":{"start":{"line":89,"column":16},"end":{"line":89,"column":26}},"loc":{"start":{"line":89,"column":26},"end":{"line":95,"column":null}},"line":89}},"branchMap":{"0":{"loc":{"start":{"line":33,"column":8},"end":{"line":39,"column":null}},"type":"if","locations":[{"start":{"line":33,"column":8},"end":{"line":39,"column":null}},{"start":{},"end":{}}],"line":33},"1":{"loc":{"start":{"line":44,"column":8},"end":{"line":46,"column":null}},"type":"if","locations":[{"start":{"line":44,"column":8},"end":{"line":46,"column":null}},{"start":{},"end":{}}],"line":44},"2":{"loc":{"start":{"line":52,"column":12},"end":{"line":56,"column":null}},"type":"if","locations":[{"start":{"line":52,"column":12},"end":{"line":56,"column":null}},{"start":{},"end":{}}],"line":52},"3":{"loc":{"start":{"line":54,"column":20},"end":{"line":54,"column":null}},"type":"cond-expr","locations":[{"start":{"line":54,"column":45},"end":{"line":54,"column":88}},{"start":{"line":54,"column":88},"end":{"line":54,"column":null}}],"line":54},"4":{"loc":{"start":{"line":68,"column":16},"end":{"line":71,"column":null}},"type":"if","locations":[{"start":{"line":68,"column":16},"end":{"line":71,"column":null}},{"start":{},"end":{}}],"line":68},"5":{"loc":{"start":{"line":91,"column":4},"end":{"line":93,"column":null}},"type":"if","locations":[{"start":{"line":91,"column":4},"end":{"line":93,"column":null}},{"start":{},"end":{}}],"line":91}},"s":{"0":2,"1":2,"2":27,"3":27,"4":27,"5":11,"6":11,"7":10,"8":10,"9":0,"10":11,"11":27,"12":27,"13":16,"14":27,"15":0,"16":0,"17":0,"18":0,"19":0,"20":0,"21":0,"22":27,"23":1,"24":1,"25":1,"26":27,"27":3,"28":3,"29":3,"30":3,"31":3,"32":0,"33":3,"34":27,"35":1,"36":27,"37":16,"38":27,"39":16,"40":27,"41":41,"42":41,"43":0,"44":41},"f":{"0":27,"1":11,"2":27,"3":0,"4":0,"5":0,"6":0,"7":1,"8":1,"9":1,"10":3,"11":3,"12":3,"13":3,"14":1,"15":16,"16":16,"17":41},"b":{"0":[10,1],"1":[16,11],"2":[0,0],"3":[0,0],"4":[3,0],"5":[0,41]},"meta":{"lastBranch":6,"lastFunction":18,"lastStatement":45,"seen":{"s:23:6:23:Infinity":0,"s:25:25:25:Infinity":1,"f:27:16:27:29":0,"s:28:26:28:Infinity":2,"s:29:32:29:Infinity":3,"s:31:4:41:Infinity":4,"f:31:14:31:20":1,"s:32:23:32:Infinity":5,"b:33:8:39:Infinity:undefined:undefined:undefined:undefined":0,"s:33:8:39:Infinity":6,"s:34:12:38:Infinity":7,"s:35:16:35:Infinity":8,"s:37:16:37:Infinity":9,"s:40:8:40:Infinity":10,"s:43:4:47:Infinity":11,"f:43:14:43:20":2,"b:44:8:46:Infinity:undefined:undefined:undefined:undefined":1,"s:44:8:46:Infinity":12,"s:45:12:45:Infinity":13,"s:49:22:59:Infinity":14,"f:49:22:49:23":3,"s:50:8:58:Infinity":15,"f:50:17:50:18":4,"s:51:29:51:Infinity":16,"f:51:39:51:40":5,"s:51:49:51:71":17,"b:52:12:56:Infinity:undefined:undefined:undefined:undefined":2,"s:52:12:56:Infinity":18,"s:53:16:55:Infinity":19,"f:53:32:53:33":6,"s:54:20:54:Infinity":20,"b:54:45:54:88:54:88:54:Infinity":3,"s:57:12:57:Infinity":21,"s:61:27:63:Infinity":22,"f:61:27:61:28":7,"s:62:8:62:Infinity":23,"f:62:17:62:18":8,"s:62:27:62:64":24,"f:62:39:62:40":9,"s:62:49:62:63":25,"s:65:27:75:Infinity":26,"f:65:27:65:28":10,"s:66:8:74:Infinity":27,"f:66:17:66:18":11,"s:67:12:73:Infinity":28,"f:67:28:67:29":12,"b:68:16:71:Infinity:undefined:undefined:undefined:undefined":4,"s:68:16:71:Infinity":29,"s:69:40:69:Infinity":30,"s:70:20:70:Infinity":31,"s:72:16:72:Infinity":32,"f:73:22:73:23":13,"s:73:32:73:49":33,"s:77:22:77:Infinity":34,"f:77:22:77:28":14,"s:77:28:77:Infinity":35,"s:79:23:79:Infinity":36,"f:79:36:79:37":15,"s:79:51:79:85":37,"s:80:23:80:Infinity":38,"f:80:36:80:37":16,"s:80:51:80:72":39,"s:82:4:85:Infinity":40,"f:89:16:89:26":17,"s:90:10:90:Infinity":41,"b:91:4:93:Infinity:undefined:undefined:undefined:undefined":5,"s:91:4:93:Infinity":42,"s:92:8:92:Infinity":43,"s:94:4:94:Infinity":44}}}
,"/home/nik/project_booza_shop/BOOZA_SHOP/rms_front/src/contexts/UserContext.tsx": {"path":"/home/nik/project_booza_shop/BOOZA_SHOP/rms_front/src/contexts/UserContext.tsx","statementMap":{"0":{"start":{"line":19,"column":6},"end":{"line":19,"column":null}},"1":{"start":{"line":21,"column":25},"end":{"line":21,"column":null}},"2":{"start":{"line":22,"column":26},"end":{"line":22,"column":null}},"3":{"start":{"line":25,"column":0},"end":{"line":25,"column":null}},"4":{"start":{"line":28,"column":0},"end":{"line":34,"column":null}},"5":{"start":{"line":29,"column":18},"end":{"line":29,"column":null}},"6":{"start":{"line":30,"column":4},"end":{"line":32,"column":null}},"7":{"start":{"line":31,"column":8},"end":{"line":31,"column":null}},"8":{"start":{"line":33,"column":4},"end":{"line":33,"column":null}},"9":{"start":{"line":37,"column":19},"end":{"line":37,"column":null}},"10":{"start":{"line":41,"column":5},"end":{"line":41,"column":null}},"11":{"start":{"line":43,"column":21},"end":{"line":52,"column":null}},"12":{"start":{"line":44,"column":4},"end":{"line":50,"column":null}},"13":{"start":{"line":45,"column":8},"end":{"line":49,"column":null}},"14":{"start":{"line":46,"column":12},"end":{"line":46,"column":null}},"15":{"start":{"line":48,"column":12},"end":{"line":48,"column":null}},"16":{"start":{"line":51,"column":4},"end":{"line":51,"column":null}},"17":{"start":{"line":54,"column":0},"end":{"line":134,"column":null}},"18":{"start":{"line":55,"column":18},"end":{"line":55,"column":null}},"19":{"start":{"line":57,"column":32},"end":{"line":57,"column":null}},"20":{"start":{"line":59,"column":27},"end":{"line":59,"column":null}},"21":{"start":{"line":60,"column":8},"end":{"line":66,"column":null}},"22":{"start":{"line":65,"column":12},"end":{"line":65,"column":null}},"23":{"start":{"line":69,"column":8},"end":{"line":130,"column":null}},"24":{"start":{"line":70,"column":12},"end":{"line":70,"column":null}},"25":{"start":{"line":73,"column":12},"end":{"line":85,"column":null}},"26":{"start":{"line":74,"column":16},"end":{"line":84,"column":null}},"27":{"start":{"line":75,"column":20},"end":{"line":75,"column":null}},"28":{"start":{"line":78,"column":21},"end":{"line":81,"column":null}},"29":{"start":{"line":82,"column":20},"end":{"line":82,"column":null}},"30":{"start":{"line":84,"column":32},"end":{"line":84,"column":51}},"31":{"start":{"line":87,"column":12},"end":{"line":87,"column":null}},"32":{"start":{"line":88,"column":33},"end":{"line":88,"column":null}},"33":{"start":{"line":90,"column":12},"end":{"line":99,"column":null}},"34":{"start":{"line":92,"column":16},"end":{"line":92,"column":null}},"35":{"start":{"line":93,"column":16},"end":{"line":93,"column":null}},"36":{"start":{"line":94,"column":16},"end":{"line":94,"column":null}},"37":{"start":{"line":95,"column":16},"end":{"line":95,"column":null}},"38":{"start":{"line":96,"column":16},"end":{"line":96,"column":null}},"39":{"start":{"line":97,"column":16},"end":{"line":97,"column":null}},"40":{"start":{"line":98,"column":16},"end":{"line":98,"column":null}},"41":{"start":{"line":101,"column":12},"end":{"line":129,"column":null}},"42":{"start":{"line":103,"column":33},"end":{"line":105,"column":null}},"43":{"start":{"line":107,"column":39},"end":{"line":107,"column":null}},"44":{"start":{"line":110,"column":16},"end":{"line":110,"column":null}},"45":{"start":{"line":111,"column":16},"end":{"line":111,"column":null}},"46":{"start":{"line":114,"column":16},"end":{"line":114,"column":null}},"47":{"start":{"line":116,"column":16},"end":{"line":116,"column":null}},"48":{"start":{"line":120,"column":16},"end":{"line":120,"column":null}},"49":{"start":{"line":121,"column":16},"end":{"line":121,"column":null}},"50":{"start":{"line":122,"column":16},"end":{"line":122,"column":null}},"51":{"start":{"line":123,"column":16},"end":{"line":123,"column":null}},"52":{"start":{"line":124,"column":16},"end":{"line":124,"column":null}},"53":{"start":{"line":125,"column":16},"end":{"line":125,"column":null}},"54":{"start":{"line":128,"column":16},"end":{"line":128,"column":null}},"55":{"start":{"line":132,"column":8},"end":{"line":132,"column":null}},"56":{"start":{"line":137,"column":24},"end":{"line":137,"column":null}},"57":{"start":{"line":138,"column":26},"end":{"line":138,"column":null}},"58":{"start":{"line":139,"column":40},"end":{"line":139,"column":null}},"59":{"start":{"line":140,"column":34},"end":{"line":140,"column":null}},"60":{"start":{"line":141,"column":26},"end":{"line":141,"column":null}},"61":{"start":{"line":144,"column":10},"end":{"line":157,"column":null}},"62":{"start":{"line":145,"column":8},"end":{"line":156,"column":null}},"63":{"start":{"line":146,"column":29},"end":{"line":148,"column":null}},"64":{"start":{"line":149,"column":12},"end":{"line":149,"column":null}},"65":{"start":{"line":150,"column":12},"end":{"line":150,"column":null}},"66":{"start":{"line":153,"column":12},"end":{"line":153,"column":null}},"67":{"start":{"line":154,"column":12},"end":{"line":154,"column":null}},"68":{"start":{"line":155,"column":12},"end":{"line":155,"column":null}},"69":{"start":{"line":160,"column":4},"end":{"line":173,"column":null}},"70":{"start":{"line":161,"column":25},"end":{"line":171,"column":null}},"71":{"start":{"line":162,"column":32},"end":{"line":162,"column":null}},"72":{"start":{"line":163,"column":34},"end":{"line":163,"column":null}},"73":{"start":{"line":165,"column":12},"end":{"line":169,"column":null}},"74":{"start":{"line":166,"column":16},"end":{"line":166,"column":null}},"75":{"start":{"line":167,"column":16},"end":{"line":167,"column":null}},"76":{"start":{"line":168,"column":16},"end":{"line":168,"column":null}},"77":{"start":{"line":170,"column":12},"end":{"line":170,"column":null}},"78":{"start":{"line":172,"column":8},"end":{"line":172,"column":null}},"79":{"start":{"line":176,"column":18},"end":{"line":208,"column":null}},"80":{"start":{"line":177,"column":8},"end":{"line":177,"column":null}},"81":{"start":{"line":178,"column":8},"end":{"line":178,"column":null}},"82":{"start":{"line":180,"column":8},"end":{"line":207,"column":null}},"83":{"start":{"line":181,"column":29},"end":{"line":184,"column":null}},"84":{"start":{"line":186,"column":12},"end":{"line":188,"column":null}},"85":{"start":{"line":187,"column":16},"end":{"line":187,"column":null}},"86":{"start":{"line":191,"column":12},"end":{"line":191,"column":null}},"87":{"start":{"line":192,"column":12},"end":{"line":192,"column":null}},"88":{"start":{"line":193,"column":12},"end":{"line":193,"column":null}},"89":{"start":{"line":194,"column":12},"end":{"line":194,"column":null}},"90":{"start":{"line":196,"column":12},"end":{"line":196,"column":null}},"91":{"start":{"line":199,"column":12},"end":{"line":199,"column":null}},"92":{"start":{"line":202,"column":28},"end":{"line":202,"column":null}},"93":{"start":{"line":203,"column":12},"end":{"line":203,"column":null}},"94":{"start":{"line":204,"column":12},"end":{"line":204,"column":null}},"95":{"start":{"line":206,"column":12},"end":{"line":206,"column":null}},"96":{"start":{"line":211,"column":21},"end":{"line":238,"column":null}},"97":{"start":{"line":212,"column":8},"end":{"line":212,"column":null}},"98":{"start":{"line":213,"column":8},"end":{"line":213,"column":null}},"99":{"start":{"line":215,"column":8},"end":{"line":237,"column":null}},"100":{"start":{"line":216,"column":29},"end":{"line":216,"column":null}},"101":{"start":{"line":218,"column":12},"end":{"line":220,"column":null}},"102":{"start":{"line":219,"column":16},"end":{"line":219,"column":null}},"103":{"start":{"line":222,"column":12},"end":{"line":222,"column":null}},"104":{"start":{"line":223,"column":12},"end":{"line":223,"column":null}},"105":{"start":{"line":224,"column":12},"end":{"line":224,"column":null}},"106":{"start":{"line":225,"column":12},"end":{"line":225,"column":null}},"107":{"start":{"line":227,"column":12},"end":{"line":227,"column":null}},"108":{"start":{"line":229,"column":12},"end":{"line":229,"column":null}},"109":{"start":{"line":232,"column":28},"end":{"line":232,"column":null}},"110":{"start":{"line":233,"column":12},"end":{"line":233,"column":null}},"111":{"start":{"line":234,"column":12},"end":{"line":234,"column":null}},"112":{"start":{"line":236,"column":12},"end":{"line":236,"column":null}},"113":{"start":{"line":241,"column":10},"end":{"line":254,"column":null}},"114":{"start":{"line":242,"column":31},"end":{"line":242,"column":null}},"115":{"start":{"line":243,"column":8},"end":{"line":243,"column":null}},"116":{"start":{"line":243,"column":29},"end":{"line":243,"column":null}},"117":{"start":{"line":245,"column":25},"end":{"line":247,"column":null}},"118":{"start":{"line":249,"column":8},"end":{"line":253,"column":null}},"119":{"start":{"line":250,"column":12},"end":{"line":250,"column":null}},"120":{"start":{"line":251,"column":12},"end":{"line":251,"column":null}},"121":{"start":{"line":252,"column":12},"end":{"line":252,"column":null}},"122":{"start":{"line":257,"column":10},"end":{"line":264,"column":null}},"123":{"start":{"line":258,"column":8},"end":{"line":258,"column":null}},"124":{"start":{"line":259,"column":8},"end":{"line":259,"column":null}},"125":{"start":{"line":260,"column":8},"end":{"line":260,"column":null}},"126":{"start":{"line":261,"column":8},"end":{"line":261,"column":null}},"127":{"start":{"line":262,"column":8},"end":{"line":262,"column":null}},"128":{"start":{"line":263,"column":8},"end":{"line":263,"column":null}},"129":{"start":{"line":267,"column":10},"end":{"line":277,"column":null}},"130":{"start":{"line":268,"column":29},"end":{"line":268,"column":null}},"131":{"start":{"line":269,"column":8},"end":{"line":269,"column":null}},"132":{"start":{"line":269,"column":27},"end":{"line":269,"column":null}},"133":{"start":{"line":271,"column":8},"end":{"line":276,"column":null}},"134":{"start":{"line":272,"column":29},"end":{"line":272,"column":null}},"135":{"start":{"line":273,"column":12},"end":{"line":273,"column":null}},"136":{"start":{"line":275,"column":12},"end":{"line":275,"column":null}},"137":{"start":{"line":279,"column":10},"end":{"line":279,"column":null}},"138":{"start":{"line":279,"column":41},"end":{"line":279,"column":57}},"139":{"start":{"line":281,"column":35},"end":{"line":293,"column":null}},"140":{"start":{"line":295,"column":4},"end":{"line":298,"column":null}},"141":{"start":{"line":303,"column":10},"end":{"line":303,"column":null}},"142":{"start":{"line":304,"column":4},"end":{"line":306,"column":null}},"143":{"start":{"line":305,"column":8},"end":{"line":305,"column":null}},"144":{"start":{"line":307,"column":4},"end":{"line":307,"column":null}}},"fnMap":{"0":{"name":"(anonymous_0)","decl":{"start":{"line":28,"column":35},"end":{"line":28,"column":36}},"loc":{"start":{"line":28,"column":47},"end":{"line":34,"column":1}},"line":28},"1":{"name":"(anonymous_1)","decl":{"start":{"line":43,"column":21},"end":{"line":43,"column":22}},"loc":{"start":{"line":43,"column":75},"end":{"line":52,"column":null}},"line":43},"2":{"name":"(anonymous_2)","decl":{"start":{"line":44,"column":24},"end":{"line":44,"column":25}},"loc":{"start":{"line":44,"column":34},"end":{"line":50,"column":5}},"line":44},"3":{"name":"(anonymous_3)","decl":{"start":{"line":55,"column":4},"end":{"line":55,"column":5}},"loc":{"start":{"line":55,"column":18},"end":{"line":55,"column":null}},"line":55},"4":{"name":"(anonymous_4)","decl":{"start":{"line":56,"column":4},"end":{"line":56,"column":11}},"loc":{"start":{"line":56,"column":33},"end":{"line":133,"column":null}},"line":56},"5":{"name":"(anonymous_5)","decl":{"start":{"line":74,"column":35},"end":{"line":74,"column":36}},"loc":{"start":{"line":74,"column":56},"end":{"line":76,"column":17}},"line":74},"6":{"name":"(anonymous_6)","decl":{"start":{"line":77,"column":22},"end":{"line":77,"column":23}},"loc":{"start":{"line":77,"column":33},"end":{"line":83,"column":17}},"line":77},"7":{"name":"(anonymous_7)","decl":{"start":{"line":84,"column":23},"end":{"line":84,"column":24}},"loc":{"start":{"line":84,"column":32},"end":{"line":84,"column":51}},"line":84},"8":{"name":"UserProvider","decl":{"start":{"line":136,"column":16},"end":{"line":136,"column":29}},"loc":{"start":{"line":136,"column":68},"end":{"line":300,"column":null}},"line":136},"9":{"name":"(anonymous_9)","decl":{"start":{"line":144,"column":38},"end":{"line":144,"column":45}},"loc":{"start":{"line":144,"column":69},"end":{"line":157,"column":7}},"line":144},"10":{"name":"(anonymous_10)","decl":{"start":{"line":160,"column":14},"end":{"line":160,"column":20}},"loc":{"start":{"line":160,"column":20},"end":{"line":173,"column":7}},"line":160},"11":{"name":"(anonymous_11)","decl":{"start":{"line":161,"column":25},"end":{"line":161,"column":37}},"loc":{"start":{"line":161,"column":37},"end":{"line":171,"column":null}},"line":161},"12":{"name":"(anonymous_12)","decl":{"start":{"line":176,"column":18},"end":{"line":176,"column":25}},"loc":{"start":{"line":176,"column":64},"end":{"line":208,"column":null}},"line":176},"13":{"name":"(anonymous_13)","decl":{"start":{"line":211,"column":21},"end":{"line":211,"column":28}},"loc":{"start":{"line":211,"column":62},"end":{"line":238,"column":null}},"line":211},"14":{"name":"(anonymous_14)","decl":{"start":{"line":241,"column":43},"end":{"line":241,"column":55}},"loc":{"start":{"line":241,"column":55},"end":{"line":254,"column":7}},"line":241},"15":{"name":"(anonymous_15)","decl":{"start":{"line":257,"column":31},"end":{"line":257,"column":37}},"loc":{"start":{"line":257,"column":37},"end":{"line":264,"column":7}},"line":257},"16":{"name":"(anonymous_16)","decl":{"start":{"line":267,"column":36},"end":{"line":267,"column":48}},"loc":{"start":{"line":267,"column":48},"end":{"line":277,"column":7}},"line":267},"17":{"name":"(anonymous_17)","decl":{"start":{"line":279,"column":35},"end":{"line":279,"column":41}},"loc":{"start":{"line":279,"column":41},"end":{"line":279,"column":57}},"line":279},"18":{"name":"useUser","decl":{"start":{"line":302,"column":16},"end":{"line":302,"column":26}},"loc":{"start":{"line":302,"column":26},"end":{"line":308,"column":null}},"line":302}},"branchMap":{"0":{"loc":{"start":{"line":30,"column":4},"end":{"line":32,"column":null}},"type":"if","locations":[{"start":{"line":30,"column":4},"end":{"line":32,"column":null}},{"start":{},"end":{}}],"line":30},"1":{"loc":{"start":{"line":43,"column":43},"end":{"line":43,"column":75}},"type":"default-arg","locations":[{"start":{"line":43,"column":66},"end":{"line":43,"column":75}}],"line":43},"2":{"loc":{"start":{"line":45,"column":8},"end":{"line":49,"column":null}},"type":"if","locations":[{"start":{"line":45,"column":8},"end":{"line":49,"column":null}},{"start":{"line":47,"column":15},"end":{"line":49,"column":null}}],"line":45},"3":{"loc":{"start":{"line":59,"column":27},"end":{"line":59,"column":null}},"type":"binary-expr","locations":[{"start":{"line":59,"column":27},"end":{"line":59,"column":50}},{"start":{"line":59,"column":50},"end":{"line":59,"column":null}}],"line":59},"4":{"loc":{"start":{"line":60,"column":8},"end":{"line":66,"column":null}},"type":"if","locations":[{"start":{"line":60,"column":8},"end":{"line":66,"column":null}},{"start":{},"end":{}}],"line":60},"5":{"loc":{"start":{"line":61,"column":12},"end":{"line":63,"column":null}},"type":"binary-expr","locations":[{"start":{"line":61,"column":12},"end":{"line":61,"column":null}},{"start":{"line":62,"column":12},"end":{"line":62,"column":null}},{"start":{"line":63,"column":12},"end":{"line":63,"column":null}}],"line":61},"6":{"loc":{"start":{"line":69,"column":8},"end":{"line":130,"column":null}},"type":"if","locations":[{"start":{"line":69,"column":8},"end":{"line":130,"column":null}},{"start":{},"end":{}}],"line":69},"7":{"loc":{"start":{"line":69,"column":12},"end":{"line":69,"column":71}},"type":"binary-expr","locations":[{"start":{"line":69,"column":12},"end":{"line":69,"column":46}},{"start":{"line":69,"column":46},"end":{"line":69,"column":71}}],"line":69},"8":{"loc":{"start":{"line":73,"column":12},"end":{"line":85,"column":null}},"type":"if","locations":[{"start":{"line":73,"column":12},"end":{"line":85,"column":null}},{"start":{},"end":{}}],"line":73},"9":{"loc":{"start":{"line":90,"column":12},"end":{"line":99,"column":null}},"type":"if","locations":[{"start":{"line":90,"column":12},"end":{"line":99,"column":null}},{"start":{},"end":{}}],"line":90},"10":{"loc":{"start":{"line":165,"column":12},"end":{"line":169,"column":null}},"type":"if","locations":[{"start":{"line":165,"column":12},"end":{"line":169,"column":null}},{"start":{},"end":{}}],"line":165},"11":{"loc":{"start":{"line":165,"column":16},"end":{"line":165,"column":46}},"type":"binary-expr","locations":[{"start":{"line":165,"column":16},"end":{"line":165,"column":31}},{"start":{"line":165,"column":31},"end":{"line":165,"column":46}}],"line":165},"12":{"loc":{"start":{"line":186,"column":12},"end":{"line":188,"column":null}},"type":"if","locations":[{"start":{"line":186,"column":12},"end":{"line":188,"column":null}},{"start":{},"end":{}}],"line":186},"13":{"loc":{"start":{"line":186,"column":16},"end":{"line":186,"column":59}},"type":"binary-expr","locations":[{"start":{"line":186,"column":16},"end":{"line":186,"column":38}},{"start":{"line":186,"column":38},"end":{"line":186,"column":59}}],"line":186},"14":{"loc":{"start":{"line":202,"column":28},"end":{"line":202,"column":null}},"type":"binary-expr","locations":[{"start":{"line":202,"column":28},"end":{"line":202,"column":58}},{"start":{"line":202,"column":58},"end":{"line":202,"column":null}}],"line":202},"15":{"loc":{"start":{"line":218,"column":12},"end":{"line":220,"column":null}},"type":"if","locations":[{"start":{"line":218,"column":12},"end":{"line":220,"column":null}},{"start":{},"end":{}}],"line":218},"16":{"loc":{"start":{"line":218,"column":16},"end":{"line":218,"column":59}},"type":"binary-expr","locations":[{"start":{"line":218,"column":16},"end":{"line":218,"column":38}},{"start":{"line":218,"column":38},"end":{"line":218,"column":59}}],"line":218},"17":{"loc":{"start":{"line":232,"column":28},"end":{"line":232,"column":null}},"type":"binary-expr","locations":[{"start":{"line":232,"column":28},"end":{"line":232,"column":58}},{"start":{"line":232,"column":58},"end":{"line":232,"column":null}}],"line":232},"18":{"loc":{"start":{"line":243,"column":8},"end":{"line":243,"column":null}},"type":"if","locations":[{"start":{"line":243,"column":8},"end":{"line":243,"column":null}},{"start":{},"end":{}}],"line":243},"19":{"loc":{"start":{"line":249,"column":8},"end":{"line":253,"column":null}},"type":"if","locations":[{"start":{"line":249,"column":8},"end":{"line":253,"column":null}},{"start":{},"end":{}}],"line":249},"20":{"loc":{"start":{"line":269,"column":8},"end":{"line":269,"column":null}},"type":"if","locations":[{"start":{"line":269,"column":8},"end":{"line":269,"column":null}},{"start":{},"end":{}}],"line":269},"21":{"loc":{"start":{"line":304,"column":4},"end":{"line":306,"column":null}},"type":"if","locations":[{"start":{"line":304,"column":4},"end":{"line":306,"column":null}},{"start":{},"end":{}}],"line":304}},"s":{"0":2,"1":2,"2":2,"3":2,"4":2,"5":0,"6":0,"7":0,"8":0,"9":2,"10":2,"11":2,"12":0,"13":0,"14":0,"15":0,"16":0,"17":2,"18":0,"19":0,"20":0,"21":0,"22":0,"23":0,"24":0,"25":0,"26":0,"27":0,"28":0,"29":0,"30":0,"31":0,"32":0,"33":0,"34":0,"35":0,"36":0,"37":0,"38":0,"39":0,"40":0,"41":0,"42":0,"43":0,"44":0,"45":0,"46":0,"47":0,"48":0,"49":0,"50":0,"51":0,"52":0,"53":0,"54":0,"55":0,"56":20,"57":20,"58":20,"59":20,"60":20,"61":20,"62":0,"63":0,"64":0,"65":0,"66":0,"67":0,"68":0,"69":20,"70":10,"71":10,"72":10,"73":10,"74":0,"75":0,"76":0,"77":10,"78":10,"79":20,"80":0,"81":0,"82":0,"83":0,"84":0,"85":0,"86":0,"87":0,"88":0,"89":0,"90":0,"91":0,"92":0,"93":0,"94":0,"95":0,"96":20,"97":0,"98":0,"99":0,"100":0,"101":0,"102":0,"103":0,"104":0,"105":0,"106":0,"107":0,"108":0,"109":0,"110":0,"111":0,"112":0,"113":20,"114":0,"115":0,"116":0,"117":0,"118":0,"119":0,"120":0,"121":0,"122":20,"123":0,"124":0,"125":0,"126":0,"127":0,"128":0,"129":20,"130":0,"131":0,"132":0,"133":0,"134":0,"135":0,"136":0,"137":20,"138":0,"139":20,"140":20,"141":20,"142":20,"143":0,"144":20},"f":{"0":0,"1":0,"2":0,"3":0,"4":0,"5":0,"6":0,"7":0,"8":20,"9":0,"10":10,"11":10,"12":0,"13":0,"14":0,"15":0,"16":0,"17":0,"18":20},"b":{"0":[0,0],"1":[0],"2":[0,0],"3":[0,0],"4":[0,0],"5":[0,0,0],"6":[0,0],"7":[0,0],"8":[0,0],"9":[0,0],"10":[0,10],"11":[10,0],"12":[0,0],"13":[0,0],"14":[0,0],"15":[0,0],"16":[0,0],"17":[0,0],"18":[0,0],"19":[0,0],"20":[0,0],"21":[0,20]},"meta":{"lastBranch":22,"lastFunction":19,"lastStatement":145,"seen":{"s:19:6:19:Infinity":0,"s:21:25:21:Infinity":1,"s:22:26:22:Infinity":2,"s:25:0:25:Infinity":3,"s:28:0:34:Infinity":4,"f:28:35:28:36":0,"s:29:18:29:Infinity":5,"b:30:4:32:Infinity:undefined:undefined:undefined:undefined":0,"s:30:4:32:Infinity":6,"s:31:8:31:Infinity":7,"s:33:4:33:Infinity":8,"s:37:19:37:Infinity":9,"s:41:5:41:Infinity":10,"s:43:21:52:Infinity":11,"f:43:21:43:22":1,"b:43:66:43:75":1,"s:44:4:50:Infinity":12,"f:44:24:44:25":2,"b:45:8:49:Infinity:47:15:49:Infinity":2,"s:45:8:49:Infinity":13,"s:46:12:46:Infinity":14,"s:48:12:48:Infinity":15,"s:51:4:51:Infinity":16,"s:54:0:134:Infinity":17,"f:55:4:55:5":3,"s:55:18:55:Infinity":18,"f:56:4:56:11":4,"s:57:32:57:Infinity":19,"s:59:27:59:Infinity":20,"b:59:27:59:50:59:50:59:Infinity":3,"b:60:8:66:Infinity:undefined:undefined:undefined:undefined":4,"s:60:8:66:Infinity":21,"b:61:12:61:Infinity:62:12:62:Infinity:63:12:63:Infinity":5,"s:65:12:65:Infinity":22,"b:69:8:130:Infinity:undefined:undefined:undefined:undefined":6,"s:69:8:130:Infinity":23,"b:69:12:69:46:69:46:69:71":7,"s:70:12:70:Infinity":24,"b:73:12:85:Infinity:undefined:undefined:undefined:undefined":8,"s:73:12:85:Infinity":25,"s:74:16:84:Infinity":26,"f:74:35:74:36":5,"s:75:20:75:Infinity":27,"f:77:22:77:23":6,"s:78:21:81:Infinity":28,"s:82:20:82:Infinity":29,"f:84:23:84:24":7,"s:84:32:84:51":30,"s:87:12:87:Infinity":31,"s:88:33:88:Infinity":32,"b:90:12:99:Infinity:undefined:undefined:undefined:undefined":9,"s:90:12:99:Infinity":33,"s:92:16:92:Infinity":34,"s:93:16:93:Infinity":35,"s:94:16:94:Infinity":36,"s:95:16:95:Infinity":37,"s:96:16:96:Infinity":38,"s:97:16:97:Infinity":39,"s:98:16:98:Infinity":40,"s:101:12:129:Infinity":41,"s:103:33:105:Infinity":42,"s:107:39:107:Infinity":43,"s:110:16:110:Infinity":44,"s:111:16:111:Infinity":45,"s:114:16:114:Infinity":46,"s:116:16:116:Infinity":47,"s:120:16:120:Infinity":48,"s:121:16:121:Infinity":49,"s:122:16:122:Infinity":50,"s:123:16:123:Infinity":51,"s:124:16:124:Infinity":52,"s:125:16:125:Infinity":53,"s:128:16:128:Infinity":54,"s:132:8:132:Infinity":55,"f:136:16:136:29":8,"s:137:24:137:Infinity":56,"s:138:26:138:Infinity":57,"s:139:40:139:Infinity":58,"s:140:34:140:Infinity":59,"s:141:26:141:Infinity":60,"s:144:10:157:Infinity":61,"f:144:38:144:45":9,"s:145:8:156:Infinity":62,"s:146:29:148:Infinity":63,"s:149:12:149:Infinity":64,"s:150:12:150:Infinity":65,"s:153:12:153:Infinity":66,"s:154:12:154:Infinity":67,"s:155:12:155:Infinity":68,"s:160:4:173:Infinity":69,"f:160:14:160:20":10,"s:161:25:171:Infinity":70,"f:161:25:161:37":11,"s:162:32:162:Infinity":71,"s:163:34:163:Infinity":72,"b:165:12:169:Infinity:undefined:undefined:undefined:undefined":10,"s:165:12:169:Infinity":73,"b:165:16:165:31:165:31:165:46":11,"s:166:16:166:Infinity":74,"s:167:16:167:Infinity":75,"s:168:16:168:Infinity":76,"s:170:12:170:Infinity":77,"s:172:8:172:Infinity":78,"s:176:18:208:Infinity":79,"f:176:18:176:25":12,"s:177:8:177:Infinity":80,"s:178:8:178:Infinity":81,"s:180:8:207:Infinity":82,"s:181:29:184:Infinity":83,"b:186:12:188:Infinity:undefined:undefined:undefined:undefined":12,"s:186:12:188:Infinity":84,"b:186:16:186:38:186:38:186:59":13,"s:187:16:187:Infinity":85,"s:191:12:191:Infinity":86,"s:192:12:192:Infinity":87,"s:193:12:193:Infinity":88,"s:194:12:194:Infinity":89,"s:196:12:196:Infinity":90,"s:199:12:199:Infinity":91,"s:202:28:202:Infinity":92,"b:202:28:202:58:202:58:202:Infinity":14,"s:203:12:203:Infinity":93,"s:204:12:204:Infinity":94,"s:206:12:206:Infinity":95,"s:211:21:238:Infinity":96,"f:211:21:211:28":13,"s:212:8:212:Infinity":97,"s:213:8:213:Infinity":98,"s:215:8:237:Infinity":99,"s:216:29:216:Infinity":100,"b:218:12:220:Infinity:undefined:undefined:undefined:undefined":15,"s:218:12:220:Infinity":101,"b:218:16:218:38:218:38:218:59":16,"s:219:16:219:Infinity":102,"s:222:12:222:Infinity":103,"s:223:12:223:Infinity":104,"s:224:12:224:Infinity":105,"s:225:12:225:Infinity":106,"s:227:12:227:Infinity":107,"s:229:12:229:Infinity":108,"s:232:28:232:Infinity":109,"b:232:28:232:58:232:58:232:Infinity":17,"s:233:12:233:Infinity":110,"s:234:12:234:Infinity":111,"s:236:12:236:Infinity":112,"s:241:10:254:Infinity":113,"f:241:43:241:55":14,"s:242:31:242:Infinity":114,"b:243:8:243:Infinity:undefined:undefined:undefined:undefined":18,"s:243:8:243:Infinity":115,"s:243:29:243:Infinity":116,"s:245:25:247:Infinity":117,"b:249:8:253:Infinity:undefined:undefined:undefined:undefined":19,"s:249:8:253:Infinity":118,"s:250:12:250:Infinity":119,"s:251:12:251:Infinity":120,"s:252:12:252:Infinity":121,"s:257:10:264:Infinity":122,"f:257:31:257:37":15,"s:258:8:258:Infinity":123,"s:259:8:259:Infinity":124,"s:260:8:260:Infinity":125,"s:261:8:261:Infinity":126,"s:262:8:262:Infinity":127,"s:263:8:263:Infinity":128,"s:267:10:277:Infinity":129,"f:267:36:267:48":16,"s:268:29:268:Infinity":130,"b:269:8:269:Infinity:undefined:undefined:undefined:undefined":20,"s:269:8:269:Infinity":131,"s:269:27:269:Infinity":132,"s:271:8:276:Infinity":133,"s:272:29:272:Infinity":134,"s:273:12:273:Infinity":135,"s:275:12:275:Infinity":136,"s:279:10:279:Infinity":137,"f:279:35:279:41":17,"s:279:41:279:57":138,"s:281:35:293:Infinity":139,"s:295:4:298:Infinity":140,"f:302:16:302:26":18,"s:303:10:303:Infinity":141,"b:304:4:306:Infinity:undefined:undefined:undefined:undefined":21,"s:304:4:306:Infinity":142,"s:305:8:305:Infinity":143,"s:307:4:307:Infinity":144}}}
,"/home/nik/project_booza_shop/BOOZA_SHOP/rms_front/src/hooks/usePhoneMask.ts": {"path":"/home/nik/project_booza_shop/BOOZA_SHOP/rms_front/src/hooks/usePhoneMask.ts","statementMap":{"0":{"start":{"line":4,"column":26},"end":{"line":4,"column":null}},"1":{"start":{"line":7,"column":10},"end":{"line":34,"column":null}},"2":{"start":{"line":9,"column":23},"end":{"line":9,"column":null}},"3":{"start":{"line":12,"column":8},"end":{"line":12,"column":null}},"4":{"start":{"line":12,"column":21},"end":{"line":12,"column":null}},"5":{"start":{"line":15,"column":24},"end":{"line":15,"column":null}},"6":{"start":{"line":18,"column":21},"end":{"line":18,"column":null}},"7":{"start":{"line":20,"column":8},"end":{"line":22,"column":null}},"8":{"start":{"line":21,"column":12},"end":{"line":21,"column":null}},"9":{"start":{"line":23,"column":8},"end":{"line":25,"column":null}},"10":{"start":{"line":24,"column":12},"end":{"line":24,"column":null}},"11":{"start":{"line":26,"column":8},"end":{"line":28,"column":null}},"12":{"start":{"line":27,"column":12},"end":{"line":27,"column":null}},"13":{"start":{"line":29,"column":8},"end":{"line":31,"column":null}},"14":{"start":{"line":30,"column":12},"end":{"line":30,"column":null}},"15":{"start":{"line":33,"column":8},"end":{"line":33,"column":null}},"16":{"start":{"line":37,"column":10},"end":{"line":42,"column":null}},"17":{"start":{"line":38,"column":20},"end":{"line":38,"column":null}},"18":{"start":{"line":39,"column":26},"end":{"line":39,"column":null}},"19":{"start":{"line":40,"column":8},"end":{"line":40,"column":null}},"20":{"start":{"line":41,"column":8},"end":{"line":41,"column":null}},"21":{"start":{"line":45,"column":10},"end":{"line":47,"column":null}},"22":{"start":{"line":46,"column":8},"end":{"line":46,"column":null}},"23":{"start":{"line":50,"column":10},"end":{"line":50,"column":null}},"24":{"start":{"line":50,"column":36},"end":{"line":50,"column":50}},"25":{"start":{"line":52,"column":4},"end":{"line":59,"column":null}},"26":{"start":{"line":57,"column":35},"end":{"line":57,"column":null}}},"fnMap":{"0":{"name":"usePhoneMask","decl":{"start":{"line":3,"column":16},"end":{"line":3,"column":29}},"loc":{"start":{"line":3,"column":56},"end":{"line":60,"column":null}},"line":3},"1":{"name":"(anonymous_1)","decl":{"start":{"line":7,"column":36},"end":{"line":7,"column":37}},"loc":{"start":{"line":7,"column":61},"end":{"line":34,"column":7}},"line":7},"2":{"name":"(anonymous_2)","decl":{"start":{"line":37,"column":33},"end":{"line":37,"column":34}},"loc":{"start":{"line":37,"column":77},"end":{"line":42,"column":7}},"line":37},"3":{"name":"(anonymous_3)","decl":{"start":{"line":45,"column":36},"end":{"line":45,"column":50}},"loc":{"start":{"line":45,"column":50},"end":{"line":47,"column":7}},"line":45},"4":{"name":"(anonymous_4)","decl":{"start":{"line":50,"column":30},"end":{"line":50,"column":36}},"loc":{"start":{"line":50,"column":36},"end":{"line":50,"column":50}},"line":50},"5":{"name":"(anonymous_5)","decl":{"start":{"line":57,"column":18},"end":{"line":57,"column":19}},"loc":{"start":{"line":57,"column":35},"end":{"line":57,"column":null}},"line":57}},"branchMap":{"0":{"loc":{"start":{"line":3,"column":29},"end":{"line":3,"column":56}},"type":"default-arg","locations":[{"start":{"line":3,"column":52},"end":{"line":3,"column":56}}],"line":3},"1":{"loc":{"start":{"line":12,"column":8},"end":{"line":12,"column":null}},"type":"if","locations":[{"start":{"line":12,"column":8},"end":{"line":12,"column":null}},{"start":{},"end":{}}],"line":12},"2":{"loc":{"start":{"line":20,"column":8},"end":{"line":22,"column":null}},"type":"if","locations":[{"start":{"line":20,"column":8},"end":{"line":22,"column":null}},{"start":{},"end":{}}],"line":20},"3":{"loc":{"start":{"line":23,"column":8},"end":{"line":25,"column":null}},"type":"if","locations":[{"start":{"line":23,"column":8},"end":{"line":25,"column":null}},{"start":{},"end":{}}],"line":23},"4":{"loc":{"start":{"line":26,"column":8},"end":{"line":28,"column":null}},"type":"if","locations":[{"start":{"line":26,"column":8},"end":{"line":28,"column":null}},{"start":{},"end":{}}],"line":26},"5":{"loc":{"start":{"line":29,"column":8},"end":{"line":31,"column":null}},"type":"if","locations":[{"start":{"line":29,"column":8},"end":{"line":31,"column":null}},{"start":{},"end":{}}],"line":29}},"s":{"0":20,"1":20,"2":3,"3":3,"4":1,"5":2,"6":2,"7":2,"8":2,"9":2,"10":2,"11":2,"12":2,"13":2,"14":2,"15":2,"16":20,"17":0,"18":0,"19":0,"20":0,"21":20,"22":0,"23":20,"24":0,"25":20,"26":0},"f":{"0":20,"1":3,"2":0,"3":0,"4":0,"5":0},"b":{"0":[20],"1":[1,2],"2":[2,0],"3":[2,0],"4":[2,0],"5":[2,0]},"meta":{"lastBranch":6,"lastFunction":6,"lastStatement":27,"seen":{"f:3:16:3:29":0,"b:3:52:3:56":0,"s:4:26:4:Infinity":0,"s:7:10:34:Infinity":1,"f:7:36:7:37":1,"s:9:23:9:Infinity":2,"b:12:8:12:Infinity:undefined:undefined:undefined:undefined":1,"s:12:8:12:Infinity":3,"s:12:21:12:Infinity":4,"s:15:24:15:Infinity":5,"s:18:21:18:Infinity":6,"b:20:8:22:Infinity:undefined:undefined:undefined:undefined":2,"s:20:8:22:Infinity":7,"s:21:12:21:Infinity":8,"b:23:8:25:Infinity:undefined:undefined:undefined:undefined":3,"s:23:8:25:Infinity":9,"s:24:12:24:Infinity":10,"b:26:8:28:Infinity:undefined:undefined:undefined:undefined":4,"s:26:8:28:Infinity":11,"s:27:12:27:Infinity":12,"b:29:8:31:Infinity:undefined:undefined:undefined:undefined":5,"s:29:8:31:Infinity":13,"s:30:12:30:Infinity":14,"s:33:8:33:Infinity":15,"s:37:10:42:Infinity":16,"f:37:33:37:34":2,"s:38:20:38:Infinity":17,"s:39:26:39:Infinity":18,"s:40:8:40:Infinity":19,"s:41:8:41:Infinity":20,"s:45:10:47:Infinity":21,"f:45:36:45:50":3,"s:46:8:46:Infinity":22,"s:50:10:50:Infinity":23,"f:50:30:50:36":4,"s:50:36:50:50":24,"s:52:4:59:Infinity":25,"f:57:18:57:19":5,"s:57:35:57:Infinity":26}}}
}
